CRITICAL - 2024-04-20 08:13:51 --> Call to undefined function CodeIgniter\locale_set_default()
in SYSTEMPATH\CodeIgniter.php on line 193.
 1 FCPATH\index.php(43): CodeIgniter\CodeIgniter->initialize()
ERROR - 2024-04-20 01:16:04 --> Error connecting to the database: Unknown database 'databases_2024_melinda_rekam_medis'
CRITICAL - 2024-04-20 01:16:04 --> Unable to connect to the database.
Main connection [MySQLi]: Unknown database 'databases_2024_melinda_rekam_medis'
in SYSTEMPATH\Database\BaseConnection.php on line 416.
 1 SYSTEMPATH\Database\BaseConnection.php(586): CodeIgniter\Database\BaseConnection->initialize()
 2 SYSTEMPATH\Database\BaseBuilder.php(1669): CodeIgniter\Database\BaseConnection->query('SELECT COUNT(*) AS `numrows`
FROM `data_admin`', [], false)
 3 SYSTEMPATH\Model.php(550): CodeIgniter\Database\BaseBuilder->countAllResults(false)
 4 SYSTEMPATH\BaseModel.php(1084): CodeIgniter\Model->countAllResults(false)
 5 APPPATH\Controllers\admin\DataAdmin.php(25): CodeIgniter\BaseModel->paginate(15)
 6 SYSTEMPATH\CodeIgniter.php(896): App\Controllers\admin\DataAdmin->index()
 7 SYSTEMPATH\CodeIgniter.php(466): CodeIgniter\CodeIgniter->runController(Object(App\Controllers\admin\DataAdmin))
 8 SYSTEMPATH\CodeIgniter.php(349): CodeIgniter\CodeIgniter->handleRequest(null, Object(Config\Cache), false)
 9 FCPATH\index.php(55): CodeIgniter\CodeIgniter->run()
CRITICAL - 2024-04-20 03:19:18 --> Class 'Config\Setting_Petugas' not found
in APPPATH\Views\petugas\home\home.php on line 1.
 1 SYSTEMPATH\View\View.php(213): include()
 2 SYSTEMPATH\View\View.php(216): CodeIgniter\View\View->CodeIgniter\View\{closure}()
 3 SYSTEMPATH\Common.php(1135): CodeIgniter\View\View->render('petugas/home/home', [], true)
 4 APPPATH\Controllers\petugas\Home.php(9): view('petugas/home/home')
 5 SYSTEMPATH\CodeIgniter.php(896): App\Controllers\petugas\Home->index()
 6 SYSTEMPATH\CodeIgniter.php(466): CodeIgniter\CodeIgniter->runController(Object(App\Controllers\petugas\Home))
 7 SYSTEMPATH\CodeIgniter.php(349): CodeIgniter\CodeIgniter->handleRequest(null, Object(Config\Cache), false)
 8 FCPATH\index.php(55): CodeIgniter\CodeIgniter->run()
CRITICAL - 2024-04-20 03:39:37 --> Cannot redeclare App\RCore\sambutan() (previously declared in C:\xampp74\htdocs\databases_2024_melinda_rekam_medis\app\RCore\Setting_Petugas.php:200)
in APPPATH\RCore\Setting.php on line 199.
 1 [internal function]: CodeIgniter\Debug\Exceptions->shutdownHandler()
