CRITICAL - 2022-07-13 00:00:34 --> Cannot use object of type CodeIgniter\Database\MySQLi\Result as array
in APPPATH/Views/admin/data_admin/tampil.php on line 52.
 1 SYSTEMPATH/View/View.php(213): include()
 2 SYSTEMPATH/View/View.php(216): CodeIgniter\View\View->CodeIgniter\View\{closure}()
 3 SYSTEMPATH/Common.php(1135): CodeIgniter\View\View->render()
 4 APPPATH/Controllers/DataAdmin.php(14): view()
 5 SYSTEMPATH/CodeIgniter.php(896): App\Controllers\DataAdmin->index()
 6 SYSTEMPATH/CodeIgniter.php(466): CodeIgniter\CodeIgniter->runController()
 7 SYSTEMPATH/CodeIgniter.php(349): CodeIgniter\CodeIgniter->handleRequest()
 8 FCPATH/index.php(55): CodeIgniter\CodeIgniter->run()
 9 SYSTEMPATH/Commands/Server/rewrite.php(43): require_once('FCPATH/index.php')
CRITICAL - 2022-07-13 00:01:17 --> Object of class stdClass could not be converted to string
in APPPATH/Views/admin/data_admin/tampil.php on line 52.
 1 SYSTEMPATH/View/View.php(213): include()
 2 SYSTEMPATH/View/View.php(216): CodeIgniter\View\View->CodeIgniter\View\{closure}()
 3 SYSTEMPATH/Common.php(1135): CodeIgniter\View\View->render()
 4 APPPATH/Controllers/DataAdmin.php(14): view()
 5 SYSTEMPATH/CodeIgniter.php(896): App\Controllers\DataAdmin->index()
 6 SYSTEMPATH/CodeIgniter.php(466): CodeIgniter\CodeIgniter->runController()
 7 SYSTEMPATH/CodeIgniter.php(349): CodeIgniter\CodeIgniter->handleRequest()
 8 FCPATH/index.php(55): CodeIgniter\CodeIgniter->run()
 9 SYSTEMPATH/Commands/Server/rewrite.php(43): require_once('FCPATH/index.php')
CRITICAL - 2022-07-13 00:01:50 --> Array to string conversion
in APPPATH/Views/admin/data_admin/tampil.php on line 52.
 1 APPPATH/Views/admin/data_admin/tampil.php(52): CodeIgniter\Debug\Exceptions->errorHandler()
 2 SYSTEMPATH/View/View.php(213): include('APPPATH/Views/admin/data_admin/tampil.php')
 3 SYSTEMPATH/View/View.php(216): CodeIgniter\View\View->CodeIgniter\View\{closure}()
 4 SYSTEMPATH/Common.php(1135): CodeIgniter\View\View->render()
 5 APPPATH/Controllers/DataAdmin.php(14): view()
 6 SYSTEMPATH/CodeIgniter.php(896): App\Controllers\DataAdmin->index()
 7 SYSTEMPATH/CodeIgniter.php(466): CodeIgniter\CodeIgniter->runController()
 8 SYSTEMPATH/CodeIgniter.php(349): CodeIgniter\CodeIgniter->handleRequest()
 9 FCPATH/index.php(55): CodeIgniter\CodeIgniter->run()
10 SYSTEMPATH/Commands/Server/rewrite.php(43): require_once('FCPATH/index.php')
CRITICAL - 2022-07-13 00:07:55 --> Undefined variable: row
in APPPATH/Views/admin/data_admin/tampil.php on line 51.
 1 APPPATH/Views/admin/data_admin/tampil.php(51): CodeIgniter\Debug\Exceptions->errorHandler()
 2 SYSTEMPATH/View/View.php(213): include('APPPATH/Views/admin/data_admin/tampil.php')
 3 SYSTEMPATH/View/View.php(216): CodeIgniter\View\View->CodeIgniter\View\{closure}()
 4 SYSTEMPATH/Common.php(1135): CodeIgniter\View\View->render()
 5 APPPATH/Controllers/DataAdmin.php(14): view()
 6 SYSTEMPATH/CodeIgniter.php(896): App\Controllers\DataAdmin->index()
 7 SYSTEMPATH/CodeIgniter.php(466): CodeIgniter\CodeIgniter->runController()
 8 SYSTEMPATH/CodeIgniter.php(349): CodeIgniter\CodeIgniter->handleRequest()
 9 FCPATH/index.php(55): CodeIgniter\CodeIgniter->run()
10 SYSTEMPATH/Commands/Server/rewrite.php(43): require_once('FCPATH/index.php')
CRITICAL - 2022-07-13 00:08:20 --> Undefined offset: 0
in APPPATH/Views/admin/data_admin/tampil.php on line 52.
 1 APPPATH/Views/admin/data_admin/tampil.php(52): CodeIgniter\Debug\Exceptions->errorHandler()
 2 SYSTEMPATH/View/View.php(213): include('APPPATH/Views/admin/data_admin/tampil.php')
 3 SYSTEMPATH/View/View.php(216): CodeIgniter\View\View->CodeIgniter\View\{closure}()
 4 SYSTEMPATH/Common.php(1135): CodeIgniter\View\View->render()
 5 APPPATH/Controllers/DataAdmin.php(14): view()
 6 SYSTEMPATH/CodeIgniter.php(896): App\Controllers\DataAdmin->index()
 7 SYSTEMPATH/CodeIgniter.php(466): CodeIgniter\CodeIgniter->runController()
 8 SYSTEMPATH/CodeIgniter.php(349): CodeIgniter\CodeIgniter->handleRequest()
 9 FCPATH/index.php(55): CodeIgniter\CodeIgniter->run()
10 SYSTEMPATH/Commands/Server/rewrite.php(43): require_once('FCPATH/index.php')
CRITICAL - 2022-07-13 00:08:38 --> Undefined variable: page
in APPPATH/Views/admin/data_admin/tampil.php on line 90.
 1 APPPATH/Views/admin/data_admin/tampil.php(90): CodeIgniter\Debug\Exceptions->errorHandler()
 2 SYSTEMPATH/View/View.php(213): include('APPPATH/Views/admin/data_admin/tampil.php')
 3 SYSTEMPATH/View/View.php(216): CodeIgniter\View\View->CodeIgniter\View\{closure}()
 4 SYSTEMPATH/Common.php(1135): CodeIgniter\View\View->render()
 5 APPPATH/Controllers/DataAdmin.php(14): view()
 6 SYSTEMPATH/CodeIgniter.php(896): App\Controllers\DataAdmin->index()
 7 SYSTEMPATH/CodeIgniter.php(466): CodeIgniter\CodeIgniter->runController()
 8 SYSTEMPATH/CodeIgniter.php(349): CodeIgniter\CodeIgniter->handleRequest()
 9 FCPATH/index.php(55): CodeIgniter\CodeIgniter->run()
10 SYSTEMPATH/Commands/Server/rewrite.php(43): require_once('FCPATH/index.php')
CRITICAL - 2022-07-13 01:27:36 --> Cannot use object of type stdClass as array
in APPPATH/Views/admin/data_admin/tampil.php on line 52.
 1 SYSTEMPATH/View/View.php(213): include()
 2 SYSTEMPATH/View/View.php(216): CodeIgniter\View\View->CodeIgniter\View\{closure}()
 3 SYSTEMPATH/Common.php(1135): CodeIgniter\View\View->render()
 4 APPPATH/Controllers/DataAdmin.php(14): view()
 5 SYSTEMPATH/CodeIgniter.php(896): App\Controllers\DataAdmin->index()
 6 SYSTEMPATH/CodeIgniter.php(466): CodeIgniter\CodeIgniter->runController()
 7 SYSTEMPATH/CodeIgniter.php(349): CodeIgniter\CodeIgniter->handleRequest()
 8 FCPATH/index.php(55): CodeIgniter\CodeIgniter->run()
 9 SYSTEMPATH/Commands/Server/rewrite.php(43): require_once('FCPATH/index.php')
CRITICAL - 2022-07-13 01:27:41 --> Cannot use object of type stdClass as array
in APPPATH/Views/admin/data_admin/tampil.php on line 52.
 1 SYSTEMPATH/View/View.php(213): include()
 2 SYSTEMPATH/View/View.php(216): CodeIgniter\View\View->CodeIgniter\View\{closure}()
 3 SYSTEMPATH/Common.php(1135): CodeIgniter\View\View->render()
 4 APPPATH/Controllers/DataAdmin.php(14): view()
 5 SYSTEMPATH/CodeIgniter.php(896): App\Controllers\DataAdmin->index()
 6 SYSTEMPATH/CodeIgniter.php(466): CodeIgniter\CodeIgniter->runController()
 7 SYSTEMPATH/CodeIgniter.php(349): CodeIgniter\CodeIgniter->handleRequest()
 8 FCPATH/index.php(55): CodeIgniter\CodeIgniter->run()
 9 SYSTEMPATH/Commands/Server/rewrite.php(43): require_once('FCPATH/index.php')
CRITICAL - 2022-07-13 01:28:50 --> Undefined variable: page
in APPPATH/Views/admin/data_admin/tampil.php on line 89.
 1 APPPATH/Views/admin/data_admin/tampil.php(89): CodeIgniter\Debug\Exceptions->errorHandler()
 2 SYSTEMPATH/View/View.php(213): include('APPPATH/Views/admin/data_admin/tampil.php')
 3 SYSTEMPATH/View/View.php(216): CodeIgniter\View\View->CodeIgniter\View\{closure}()
 4 SYSTEMPATH/Common.php(1135): CodeIgniter\View\View->render()
 5 APPPATH/Controllers/DataAdmin.php(14): view()
 6 SYSTEMPATH/CodeIgniter.php(896): App\Controllers\DataAdmin->index()
 7 SYSTEMPATH/CodeIgniter.php(466): CodeIgniter\CodeIgniter->runController()
 8 SYSTEMPATH/CodeIgniter.php(349): CodeIgniter\CodeIgniter->handleRequest()
 9 FCPATH/index.php(55): CodeIgniter\CodeIgniter->run()
10 SYSTEMPATH/Commands/Server/rewrite.php(43): require_once('FCPATH/index.php')
CRITICAL - 2022-07-13 01:30:27 --> Undefined variable: page
in APPPATH/Views/admin/data_admin/tampil.php on line 89.
 1 APPPATH/Views/admin/data_admin/tampil.php(89): CodeIgniter\Debug\Exceptions->errorHandler()
 2 SYSTEMPATH/View/View.php(213): include('APPPATH/Views/admin/data_admin/tampil.php')
 3 SYSTEMPATH/View/View.php(216): CodeIgniter\View\View->CodeIgniter\View\{closure}()
 4 SYSTEMPATH/Common.php(1135): CodeIgniter\View\View->render()
 5 APPPATH/Controllers/DataAdmin.php(15): view()
 6 SYSTEMPATH/CodeIgniter.php(896): App\Controllers\DataAdmin->index()
 7 SYSTEMPATH/CodeIgniter.php(466): CodeIgniter\CodeIgniter->runController()
 8 SYSTEMPATH/CodeIgniter.php(349): CodeIgniter\CodeIgniter->handleRequest()
 9 FCPATH/index.php(55): CodeIgniter\CodeIgniter->run()
10 SYSTEMPATH/Commands/Server/rewrite.php(43): require_once('FCPATH/index.php')
CRITICAL - 2022-07-13 01:30:28 --> Undefined variable: page
in APPPATH/Views/admin/data_admin/tampil.php on line 89.
 1 APPPATH/Views/admin/data_admin/tampil.php(89): CodeIgniter\Debug\Exceptions->errorHandler()
 2 SYSTEMPATH/View/View.php(213): include('APPPATH/Views/admin/data_admin/tampil.php')
 3 SYSTEMPATH/View/View.php(216): CodeIgniter\View\View->CodeIgniter\View\{closure}()
 4 SYSTEMPATH/Common.php(1135): CodeIgniter\View\View->render()
 5 APPPATH/Controllers/DataAdmin.php(15): view()
 6 SYSTEMPATH/CodeIgniter.php(896): App\Controllers\DataAdmin->index()
 7 SYSTEMPATH/CodeIgniter.php(466): CodeIgniter\CodeIgniter->runController()
 8 SYSTEMPATH/CodeIgniter.php(349): CodeIgniter\CodeIgniter->handleRequest()
 9 FCPATH/index.php(55): CodeIgniter\CodeIgniter->run()
10 SYSTEMPATH/Commands/Server/rewrite.php(43): require_once('FCPATH/index.php')
CRITICAL - 2022-07-13 01:32:04 --> Undefined variable: dataPerPage
in APPPATH/Views/admin/data_admin/tampil.php on line 97.
 1 APPPATH/Views/admin/data_admin/tampil.php(97): CodeIgniter\Debug\Exceptions->errorHandler()
 2 SYSTEMPATH/View/View.php(213): include('APPPATH/Views/admin/data_admin/tampil.php')
 3 SYSTEMPATH/View/View.php(216): CodeIgniter\View\View->CodeIgniter\View\{closure}()
 4 SYSTEMPATH/Common.php(1135): CodeIgniter\View\View->render()
 5 APPPATH/Controllers/DataAdmin.php(15): view()
 6 SYSTEMPATH/CodeIgniter.php(896): App\Controllers\DataAdmin->index()
 7 SYSTEMPATH/CodeIgniter.php(466): CodeIgniter\CodeIgniter->runController()
 8 SYSTEMPATH/CodeIgniter.php(349): CodeIgniter\CodeIgniter->handleRequest()
 9 FCPATH/index.php(55): CodeIgniter\CodeIgniter->run()
10 SYSTEMPATH/Commands/Server/rewrite.php(43): require_once('FCPATH/index.php')
CRITICAL - 2022-07-13 01:41:02 --> Call to undefined function encrypt()
in APPPATH/Views/admin/data_admin/tampil.php on line 107.
 1 SYSTEMPATH/View/View.php(213): include()
 2 SYSTEMPATH/View/View.php(216): CodeIgniter\View\View->CodeIgniter\View\{closure}()
 3 SYSTEMPATH/Common.php(1135): CodeIgniter\View\View->render()
 4 APPPATH/Controllers/DataAdmin.php(21): view()
 5 SYSTEMPATH/CodeIgniter.php(896): App\Controllers\DataAdmin->index()
 6 SYSTEMPATH/CodeIgniter.php(466): CodeIgniter\CodeIgniter->runController()
 7 SYSTEMPATH/CodeIgniter.php(349): CodeIgniter\CodeIgniter->handleRequest()
 8 FCPATH/index.php(55): CodeIgniter\CodeIgniter->run()
 9 SYSTEMPATH/Commands/Server/rewrite.php(43): require_once('FCPATH/index.php')
CRITICAL - 2022-07-13 02:04:38 --> Invalid file: admin/data_admin/edit.php
in SYSTEMPATH/Exceptions/FrameworkException.php on line 33.
 1 SYSTEMPATH/View/View.php(201): CodeIgniter\Exceptions\FrameworkException::forInvalidFile()
 2 SYSTEMPATH/Common.php(1135): CodeIgniter\View\View->render()
 3 APPPATH/Controllers/DataAdmin.php(31): view()
 4 SYSTEMPATH/CodeIgniter.php(896): App\Controllers\DataAdmin->edit()
 5 SYSTEMPATH/CodeIgniter.php(466): CodeIgniter\CodeIgniter->runController()
 6 SYSTEMPATH/CodeIgniter.php(349): CodeIgniter\CodeIgniter->handleRequest()
 7 FCPATH/index.php(55): CodeIgniter\CodeIgniter->run()
 8 SYSTEMPATH/Commands/Server/rewrite.php(43): require_once('FCPATH/index.php')
CRITICAL - 2022-07-13 02:06:41 --> Call to undefined method CodeIgniter\View\View::endsession()
in APPPATH/Views/admin/data_admin/edit.php on line 12.
 1 SYSTEMPATH/View/View.php(213): include()
 2 SYSTEMPATH/View/View.php(216): CodeIgniter\View\View->CodeIgniter\View\{closure}()
 3 SYSTEMPATH/Common.php(1135): CodeIgniter\View\View->render()
 4 APPPATH/Controllers/DataAdmin.php(31): view()
 5 SYSTEMPATH/CodeIgniter.php(896): App\Controllers\DataAdmin->edit()
 6 SYSTEMPATH/CodeIgniter.php(466): CodeIgniter\CodeIgniter->runController()
 7 SYSTEMPATH/CodeIgniter.php(349): CodeIgniter\CodeIgniter->handleRequest()
 8 FCPATH/index.php(55): CodeIgniter\CodeIgniter->run()
 9 SYSTEMPATH/Commands/Server/rewrite.php(43): require_once('FCPATH/index.php')
CRITICAL - 2022-07-13 02:13:55 --> Constant FCPATH already defined
in FCPATH/index.php on line 4.
 1 FCPATH/index.php(4): CodeIgniter\Debug\Exceptions->errorHandler()
 2 APPPATH/Views/admin/data_admin/edit.php(4): include('FCPATH/index.php')
 3 SYSTEMPATH/View/View.php(213): include('APPPATH/Views/admin/data_admin/edit.php')
 4 SYSTEMPATH/View/View.php(216): CodeIgniter\View\View->CodeIgniter\View\{closure}()
 5 SYSTEMPATH/Common.php(1135): CodeIgniter\View\View->render()
 6 APPPATH/Controllers/DataAdmin.php(31): view()
 7 SYSTEMPATH/CodeIgniter.php(896): App\Controllers\DataAdmin->edit()
 8 SYSTEMPATH/CodeIgniter.php(466): CodeIgniter\CodeIgniter->runController()
 9 SYSTEMPATH/CodeIgniter.php(349): CodeIgniter\CodeIgniter->handleRequest()
10 FCPATH/index.php(55): CodeIgniter\CodeIgniter->run()
11 SYSTEMPATH/Commands/Server/rewrite.php(43): require_once('FCPATH/index.php')
CRITICAL - 2022-07-13 02:15:10 --> Call to undefined function btn_kembali()
in APPPATH/Views/admin/data_admin/edit.php on line 11.
 1 SYSTEMPATH/View/View.php(213): include()
 2 SYSTEMPATH/View/View.php(216): CodeIgniter\View\View->CodeIgniter\View\{closure}()
 3 SYSTEMPATH/Common.php(1135): CodeIgniter\View\View->render()
 4 APPPATH/Controllers/DataAdmin.php(31): view()
 5 SYSTEMPATH/CodeIgniter.php(896): App\Controllers\DataAdmin->edit()
 6 SYSTEMPATH/CodeIgniter.php(466): CodeIgniter\CodeIgniter->runController()
 7 SYSTEMPATH/CodeIgniter.php(349): CodeIgniter\CodeIgniter->handleRequest()
 8 FCPATH/index.php(55): CodeIgniter\CodeIgniter->run()
 9 SYSTEMPATH/Commands/Server/rewrite.php(43): require_once('FCPATH/index.php')
CRITICAL - 2022-07-13 02:15:52 --> Call to undefined function id_otomatis()
in APPPATH/Views/admin/data_admin/edit.php on line 30.
 1 SYSTEMPATH/View/View.php(213): include()
 2 SYSTEMPATH/View/View.php(216): CodeIgniter\View\View->CodeIgniter\View\{closure}()
 3 SYSTEMPATH/Common.php(1135): CodeIgniter\View\View->render()
 4 APPPATH/Controllers/DataAdmin.php(31): view()
 5 SYSTEMPATH/CodeIgniter.php(896): App\Controllers\DataAdmin->edit()
 6 SYSTEMPATH/CodeIgniter.php(466): CodeIgniter\CodeIgniter->runController()
 7 SYSTEMPATH/CodeIgniter.php(349): CodeIgniter\CodeIgniter->handleRequest()
 8 FCPATH/index.php(55): CodeIgniter\CodeIgniter->run()
 9 SYSTEMPATH/Commands/Server/rewrite.php(43): require_once('FCPATH/index.php')
CRITICAL - 2022-07-13 02:24:43 --> Call to undefined function combo_enum()
in APPPATH/Views/admin/data_admin/edit.php on line 75.
 1 SYSTEMPATH/View/View.php(213): include()
 2 SYSTEMPATH/View/View.php(216): CodeIgniter\View\View->CodeIgniter\View\{closure}()
 3 SYSTEMPATH/Common.php(1135): CodeIgniter\View\View->render()
 4 APPPATH/Controllers/DataAdmin.php(31): view()
 5 SYSTEMPATH/CodeIgniter.php(896): App\Controllers\DataAdmin->edit()
 6 SYSTEMPATH/CodeIgniter.php(466): CodeIgniter\CodeIgniter->runController()
 7 SYSTEMPATH/CodeIgniter.php(349): CodeIgniter\CodeIgniter->handleRequest()
 8 FCPATH/index.php(55): CodeIgniter\CodeIgniter->run()
 9 SYSTEMPATH/Commands/Server/rewrite.php(43): require_once('FCPATH/index.php')
CRITICAL - 2022-07-13 02:29:25 --> Call to undefined function mysql_query()
in APPPATH/RCore/BridgeView.php on line 133.
 1 APPPATH/Views/admin/data_admin/edit.php(75): combo_enum()
 2 SYSTEMPATH/View/View.php(213): include('APPPATH/Views/admin/data_admin/edit.php')
 3 SYSTEMPATH/View/View.php(216): CodeIgniter\View\View->CodeIgniter\View\{closure}()
 4 SYSTEMPATH/Common.php(1135): CodeIgniter\View\View->render()
 5 APPPATH/Controllers/DataAdmin.php(31): view()
 6 SYSTEMPATH/CodeIgniter.php(896): App\Controllers\DataAdmin->edit()
 7 SYSTEMPATH/CodeIgniter.php(466): CodeIgniter\CodeIgniter->runController()
 8 SYSTEMPATH/CodeIgniter.php(349): CodeIgniter\CodeIgniter->handleRequest()
 9 FCPATH/index.php(55): CodeIgniter\CodeIgniter->run()
10 SYSTEMPATH/Commands/Server/rewrite.php(43): require_once('FCPATH/index.php')
CRITICAL - 2022-07-13 02:30:14 --> Call to undefined function mysql_fetch_array()
in APPPATH/RCore/BridgeView.php on line 138.
 1 APPPATH/Views/admin/data_admin/edit.php(75): combo_enum()
 2 SYSTEMPATH/View/View.php(213): include('APPPATH/Views/admin/data_admin/edit.php')
 3 SYSTEMPATH/View/View.php(216): CodeIgniter\View\View->CodeIgniter\View\{closure}()
 4 SYSTEMPATH/Common.php(1135): CodeIgniter\View\View->render()
 5 APPPATH/Controllers/DataAdmin.php(31): view()
 6 SYSTEMPATH/CodeIgniter.php(896): App\Controllers\DataAdmin->edit()
 7 SYSTEMPATH/CodeIgniter.php(466): CodeIgniter\CodeIgniter->runController()
 8 SYSTEMPATH/CodeIgniter.php(349): CodeIgniter\CodeIgniter->handleRequest()
 9 FCPATH/index.php(55): CodeIgniter\CodeIgniter->run()
10 SYSTEMPATH/Commands/Server/rewrite.php(43): require_once('FCPATH/index.php')
CRITICAL - 2022-07-13 02:30:39 --> Undefined index: COLUMN_TYPE
in APPPATH/RCore/BridgeView.php on line 139.
 1 APPPATH/RCore/BridgeView.php(139): CodeIgniter\Debug\Exceptions->errorHandler()
 2 APPPATH/Views/admin/data_admin/edit.php(75): combo_enum()
 3 SYSTEMPATH/View/View.php(213): include('APPPATH/Views/admin/data_admin/edit.php')
 4 SYSTEMPATH/View/View.php(216): CodeIgniter\View\View->CodeIgniter\View\{closure}()
 5 SYSTEMPATH/Common.php(1135): CodeIgniter\View\View->render()
 6 APPPATH/Controllers/DataAdmin.php(31): view()
 7 SYSTEMPATH/CodeIgniter.php(896): App\Controllers\DataAdmin->edit()
 8 SYSTEMPATH/CodeIgniter.php(466): CodeIgniter\CodeIgniter->runController()
 9 SYSTEMPATH/CodeIgniter.php(349): CodeIgniter\CodeIgniter->handleRequest()
10 FCPATH/index.php(55): CodeIgniter\CodeIgniter->run()
11 SYSTEMPATH/Commands/Server/rewrite.php(43): require_once('FCPATH/index.php')
CRITICAL - 2022-07-13 02:31:28 --> Object of class Config\Database could not be converted to string
in APPPATH/RCore/BridgeView.php on line 136.
 1 APPPATH/Views/admin/data_admin/edit.php(75): combo_enum()
 2 SYSTEMPATH/View/View.php(213): include('APPPATH/Views/admin/data_admin/edit.php')
 3 SYSTEMPATH/View/View.php(216): CodeIgniter\View\View->CodeIgniter\View\{closure}()
 4 SYSTEMPATH/Common.php(1135): CodeIgniter\View\View->render()
 5 APPPATH/Controllers/DataAdmin.php(31): view()
 6 SYSTEMPATH/CodeIgniter.php(896): App\Controllers\DataAdmin->edit()
 7 SYSTEMPATH/CodeIgniter.php(466): CodeIgniter\CodeIgniter->runController()
 8 SYSTEMPATH/CodeIgniter.php(349): CodeIgniter\CodeIgniter->handleRequest()
 9 FCPATH/index.php(55): CodeIgniter\CodeIgniter->run()
10 SYSTEMPATH/Commands/Server/rewrite.php(43): require_once('FCPATH/index.php')
CRITICAL - 2022-07-13 02:31:42 --> Object of class Config\Database could not be converted to string
in APPPATH/RCore/BridgeView.php on line 136.
 1 APPPATH/Views/admin/data_admin/edit.php(75): combo_enum()
 2 SYSTEMPATH/View/View.php(213): include('APPPATH/Views/admin/data_admin/edit.php')
 3 SYSTEMPATH/View/View.php(216): CodeIgniter\View\View->CodeIgniter\View\{closure}()
 4 SYSTEMPATH/Common.php(1135): CodeIgniter\View\View->render()
 5 APPPATH/Controllers/DataAdmin.php(31): view()
 6 SYSTEMPATH/CodeIgniter.php(896): App\Controllers\DataAdmin->edit()
 7 SYSTEMPATH/CodeIgniter.php(466): CodeIgniter\CodeIgniter->runController()
 8 SYSTEMPATH/CodeIgniter.php(349): CodeIgniter\CodeIgniter->handleRequest()
 9 FCPATH/index.php(55): CodeIgniter\CodeIgniter->run()
10 SYSTEMPATH/Commands/Server/rewrite.php(43): require_once('FCPATH/index.php')
CRITICAL - 2022-07-13 02:35:01 --> Cannot use object of type Config\Database as array
in APPPATH/RCore/BridgeView.php on line 132.
 1 APPPATH/Views/admin/data_admin/edit.php(75): combo_enum()
 2 SYSTEMPATH/View/View.php(213): include('APPPATH/Views/admin/data_admin/edit.php')
 3 SYSTEMPATH/View/View.php(216): CodeIgniter\View\View->CodeIgniter\View\{closure}()
 4 SYSTEMPATH/Common.php(1135): CodeIgniter\View\View->render()
 5 APPPATH/Controllers/DataAdmin.php(31): view()
 6 SYSTEMPATH/CodeIgniter.php(896): App\Controllers\DataAdmin->edit()
 7 SYSTEMPATH/CodeIgniter.php(466): CodeIgniter\CodeIgniter->runController()
 8 SYSTEMPATH/CodeIgniter.php(349): CodeIgniter\CodeIgniter->handleRequest()
 9 FCPATH/index.php(55): CodeIgniter\CodeIgniter->run()
10 SYSTEMPATH/Commands/Server/rewrite.php(43): require_once('FCPATH/index.php')
CRITICAL - 2022-07-13 02:35:10 --> Cannot use object of type Config\Database as array
in APPPATH/RCore/BridgeView.php on line 132.
 1 APPPATH/Views/admin/data_admin/edit.php(75): combo_enum()
 2 SYSTEMPATH/View/View.php(213): include('APPPATH/Views/admin/data_admin/edit.php')
 3 SYSTEMPATH/View/View.php(216): CodeIgniter\View\View->CodeIgniter\View\{closure}()
 4 SYSTEMPATH/Common.php(1135): CodeIgniter\View\View->render()
 5 APPPATH/Controllers/DataAdmin.php(31): view()
 6 SYSTEMPATH/CodeIgniter.php(896): App\Controllers\DataAdmin->edit()
 7 SYSTEMPATH/CodeIgniter.php(466): CodeIgniter\CodeIgniter->runController()
 8 SYSTEMPATH/CodeIgniter.php(349): CodeIgniter\CodeIgniter->handleRequest()
 9 FCPATH/index.php(55): CodeIgniter\CodeIgniter->run()
10 SYSTEMPATH/Commands/Server/rewrite.php(43): require_once('FCPATH/index.php')
CRITICAL - 2022-07-13 02:35:26 --> Cannot use object of type Config\Database as array
in APPPATH/RCore/BridgeView.php on line 132.
 1 APPPATH/Views/admin/data_admin/edit.php(75): combo_enum()
 2 SYSTEMPATH/View/View.php(213): include('APPPATH/Views/admin/data_admin/edit.php')
 3 SYSTEMPATH/View/View.php(216): CodeIgniter\View\View->CodeIgniter\View\{closure}()
 4 SYSTEMPATH/Common.php(1135): CodeIgniter\View\View->render()
 5 APPPATH/Controllers/DataAdmin.php(31): view()
 6 SYSTEMPATH/CodeIgniter.php(896): App\Controllers\DataAdmin->edit()
 7 SYSTEMPATH/CodeIgniter.php(466): CodeIgniter\CodeIgniter->runController()
 8 SYSTEMPATH/CodeIgniter.php(349): CodeIgniter\CodeIgniter->handleRequest()
 9 FCPATH/index.php(55): CodeIgniter\CodeIgniter->run()
10 SYSTEMPATH/Commands/Server/rewrite.php(43): require_once('FCPATH/index.php')
CRITICAL - 2022-07-13 02:35:30 --> Cannot use object of type Config\Database as array
in APPPATH/RCore/BridgeView.php on line 132.
 1 APPPATH/Views/admin/data_admin/edit.php(75): combo_enum()
 2 SYSTEMPATH/View/View.php(213): include('APPPATH/Views/admin/data_admin/edit.php')
 3 SYSTEMPATH/View/View.php(216): CodeIgniter\View\View->CodeIgniter\View\{closure}()
 4 SYSTEMPATH/Common.php(1135): CodeIgniter\View\View->render()
 5 APPPATH/Controllers/DataAdmin.php(31): view()
 6 SYSTEMPATH/CodeIgniter.php(896): App\Controllers\DataAdmin->edit()
 7 SYSTEMPATH/CodeIgniter.php(466): CodeIgniter\CodeIgniter->runController()
 8 SYSTEMPATH/CodeIgniter.php(349): CodeIgniter\CodeIgniter->handleRequest()
 9 FCPATH/index.php(55): CodeIgniter\CodeIgniter->run()
10 SYSTEMPATH/Commands/Server/rewrite.php(43): require_once('FCPATH/index.php')
CRITICAL - 2022-07-13 02:35:32 --> Cannot use object of type Config\Database as array
in APPPATH/RCore/BridgeView.php on line 132.
 1 APPPATH/Views/admin/data_admin/edit.php(75): combo_enum()
 2 SYSTEMPATH/View/View.php(213): include('APPPATH/Views/admin/data_admin/edit.php')
 3 SYSTEMPATH/View/View.php(216): CodeIgniter\View\View->CodeIgniter\View\{closure}()
 4 SYSTEMPATH/Common.php(1135): CodeIgniter\View\View->render()
 5 APPPATH/Controllers/DataAdmin.php(31): view()
 6 SYSTEMPATH/CodeIgniter.php(896): App\Controllers\DataAdmin->edit()
 7 SYSTEMPATH/CodeIgniter.php(466): CodeIgniter\CodeIgniter->runController()
 8 SYSTEMPATH/CodeIgniter.php(349): CodeIgniter\CodeIgniter->handleRequest()
 9 FCPATH/index.php(55): CodeIgniter\CodeIgniter->run()
10 SYSTEMPATH/Commands/Server/rewrite.php(43): require_once('FCPATH/index.php')
CRITICAL - 2022-07-13 02:35:32 --> Cannot use object of type Config\Database as array
in APPPATH/RCore/BridgeView.php on line 132.
 1 APPPATH/Views/admin/data_admin/edit.php(75): combo_enum()
 2 SYSTEMPATH/View/View.php(213): include('APPPATH/Views/admin/data_admin/edit.php')
 3 SYSTEMPATH/View/View.php(216): CodeIgniter\View\View->CodeIgniter\View\{closure}()
 4 SYSTEMPATH/Common.php(1135): CodeIgniter\View\View->render()
 5 APPPATH/Controllers/DataAdmin.php(31): view()
 6 SYSTEMPATH/CodeIgniter.php(896): App\Controllers\DataAdmin->edit()
 7 SYSTEMPATH/CodeIgniter.php(466): CodeIgniter\CodeIgniter->runController()
 8 SYSTEMPATH/CodeIgniter.php(349): CodeIgniter\CodeIgniter->handleRequest()
 9 FCPATH/index.php(55): CodeIgniter\CodeIgniter->run()
10 SYSTEMPATH/Commands/Server/rewrite.php(43): require_once('FCPATH/index.php')
CRITICAL - 2022-07-13 02:39:59 --> Undefined index: COLUMN_TYPE
in APPPATH/RCore/BridgeView.php on line 139.
 1 APPPATH/RCore/BridgeView.php(139): CodeIgniter\Debug\Exceptions->errorHandler()
 2 APPPATH/Views/admin/data_admin/edit.php(75): combo_enum()
 3 SYSTEMPATH/View/View.php(213): include('APPPATH/Views/admin/data_admin/edit.php')
 4 SYSTEMPATH/View/View.php(216): CodeIgniter\View\View->CodeIgniter\View\{closure}()
 5 SYSTEMPATH/Common.php(1135): CodeIgniter\View\View->render()
 6 APPPATH/Controllers/DataAdmin.php(31): view()
 7 SYSTEMPATH/CodeIgniter.php(896): App\Controllers\DataAdmin->edit()
 8 SYSTEMPATH/CodeIgniter.php(466): CodeIgniter\CodeIgniter->runController()
 9 SYSTEMPATH/CodeIgniter.php(349): CodeIgniter\CodeIgniter->handleRequest()
10 FCPATH/index.php(55): CodeIgniter\CodeIgniter->run()
11 SYSTEMPATH/Commands/Server/rewrite.php(43): require_once('FCPATH/index.php')
CRITICAL - 2022-07-13 02:40:01 --> Undefined index: COLUMN_TYPE
in APPPATH/RCore/BridgeView.php on line 139.
 1 APPPATH/RCore/BridgeView.php(139): CodeIgniter\Debug\Exceptions->errorHandler()
 2 APPPATH/Views/admin/data_admin/edit.php(75): combo_enum()
 3 SYSTEMPATH/View/View.php(213): include('APPPATH/Views/admin/data_admin/edit.php')
 4 SYSTEMPATH/View/View.php(216): CodeIgniter\View\View->CodeIgniter\View\{closure}()
 5 SYSTEMPATH/Common.php(1135): CodeIgniter\View\View->render()
 6 APPPATH/Controllers/DataAdmin.php(31): view()
 7 SYSTEMPATH/CodeIgniter.php(896): App\Controllers\DataAdmin->edit()
 8 SYSTEMPATH/CodeIgniter.php(466): CodeIgniter\CodeIgniter->runController()
 9 SYSTEMPATH/CodeIgniter.php(349): CodeIgniter\CodeIgniter->handleRequest()
10 FCPATH/index.php(55): CodeIgniter\CodeIgniter->run()
11 SYSTEMPATH/Commands/Server/rewrite.php(43): require_once('FCPATH/index.php')
CRITICAL - 2022-07-13 02:40:52 --> Undefined index: COLUMN_TYPE
in APPPATH/RCore/BridgeView.php on line 139.
 1 APPPATH/RCore/BridgeView.php(139): CodeIgniter\Debug\Exceptions->errorHandler()
 2 APPPATH/Views/admin/data_admin/edit.php(75): combo_enum()
 3 SYSTEMPATH/View/View.php(213): include('APPPATH/Views/admin/data_admin/edit.php')
 4 SYSTEMPATH/View/View.php(216): CodeIgniter\View\View->CodeIgniter\View\{closure}()
 5 SYSTEMPATH/Common.php(1135): CodeIgniter\View\View->render()
 6 APPPATH/Controllers/DataAdmin.php(31): view()
 7 SYSTEMPATH/CodeIgniter.php(896): App\Controllers\DataAdmin->edit()
 8 SYSTEMPATH/CodeIgniter.php(466): CodeIgniter\CodeIgniter->runController()
 9 SYSTEMPATH/CodeIgniter.php(349): CodeIgniter\CodeIgniter->handleRequest()
10 FCPATH/index.php(55): CodeIgniter\CodeIgniter->run()
11 SYSTEMPATH/Commands/Server/rewrite.php(43): require_once('FCPATH/index.php')
CRITICAL - 2022-07-13 02:41:01 --> Undefined index: COLUMN_TYPE
in APPPATH/RCore/BridgeView.php on line 139.
 1 APPPATH/RCore/BridgeView.php(139): CodeIgniter\Debug\Exceptions->errorHandler()
 2 APPPATH/Views/admin/data_admin/edit.php(75): combo_enum()
 3 SYSTEMPATH/View/View.php(213): include('APPPATH/Views/admin/data_admin/edit.php')
 4 SYSTEMPATH/View/View.php(216): CodeIgniter\View\View->CodeIgniter\View\{closure}()
 5 SYSTEMPATH/Common.php(1135): CodeIgniter\View\View->render()
 6 APPPATH/Controllers/DataAdmin.php(31): view()
 7 SYSTEMPATH/CodeIgniter.php(896): App\Controllers\DataAdmin->edit()
 8 SYSTEMPATH/CodeIgniter.php(466): CodeIgniter\CodeIgniter->runController()
 9 SYSTEMPATH/CodeIgniter.php(349): CodeIgniter\CodeIgniter->handleRequest()
10 FCPATH/index.php(55): CodeIgniter\CodeIgniter->run()
11 SYSTEMPATH/Commands/Server/rewrite.php(43): require_once('FCPATH/index.php')
CRITICAL - 2022-07-13 02:44:37 --> Undefined variable: selectDropdown
in APPPATH/RCore/BridgeView.php on line 142.
 1 APPPATH/RCore/BridgeView.php(142): CodeIgniter\Debug\Exceptions->errorHandler()
 2 APPPATH/Views/admin/data_admin/edit.php(75): combo_enum()
 3 SYSTEMPATH/View/View.php(213): include('APPPATH/Views/admin/data_admin/edit.php')
 4 SYSTEMPATH/View/View.php(216): CodeIgniter\View\View->CodeIgniter\View\{closure}()
 5 SYSTEMPATH/Common.php(1135): CodeIgniter\View\View->render()
 6 APPPATH/Controllers/DataAdmin.php(31): view()
 7 SYSTEMPATH/CodeIgniter.php(896): App\Controllers\DataAdmin->edit()
 8 SYSTEMPATH/CodeIgniter.php(466): CodeIgniter\CodeIgniter->runController()
 9 SYSTEMPATH/CodeIgniter.php(349): CodeIgniter\CodeIgniter->handleRequest()
10 FCPATH/index.php(55): CodeIgniter\CodeIgniter->run()
11 SYSTEMPATH/Commands/Server/rewrite.php(43): require_once('FCPATH/index.php')
CRITICAL - 2022-07-13 02:44:55 --> Call to undefined function tanggal_otomatis()
in APPPATH/Views/admin/data_admin/edit.php on line 96.
 1 SYSTEMPATH/View/View.php(213): include()
 2 SYSTEMPATH/View/View.php(216): CodeIgniter\View\View->CodeIgniter\View\{closure}()
 3 SYSTEMPATH/Common.php(1135): CodeIgniter\View\View->render()
 4 APPPATH/Controllers/DataAdmin.php(31): view()
 5 SYSTEMPATH/CodeIgniter.php(896): App\Controllers\DataAdmin->edit()
 6 SYSTEMPATH/CodeIgniter.php(466): CodeIgniter\CodeIgniter->runController()
 7 SYSTEMPATH/CodeIgniter.php(349): CodeIgniter\CodeIgniter->handleRequest()
 8 FCPATH/index.php(55): CodeIgniter\CodeIgniter->run()
 9 SYSTEMPATH/Commands/Server/rewrite.php(43): require_once('FCPATH/index.php')
CRITICAL - 2022-07-13 02:46:44 --> Call to undefined function decrypt()
in APPPATH/Views/admin/data_admin/edit.php on line 34.
 1 SYSTEMPATH/View/View.php(213): include()
 2 SYSTEMPATH/View/View.php(216): CodeIgniter\View\View->CodeIgniter\View\{closure}()
 3 SYSTEMPATH/Common.php(1135): CodeIgniter\View\View->render()
 4 APPPATH/Controllers/DataAdmin.php(31): view()
 5 SYSTEMPATH/CodeIgniter.php(896): App\Controllers\DataAdmin->edit()
 6 SYSTEMPATH/CodeIgniter.php(466): CodeIgniter\CodeIgniter->runController()
 7 SYSTEMPATH/CodeIgniter.php(349): CodeIgniter\CodeIgniter->handleRequest()
 8 FCPATH/index.php(55): CodeIgniter\CodeIgniter->run()
 9 SYSTEMPATH/Commands/Server/rewrite.php(43): require_once('FCPATH/index.php')
CRITICAL - 2022-07-13 02:48:05 --> Call to undefined function mysql_real_escape_string()
in APPPATH/Views/admin/data_admin/edit.php on line 35.
 1 SYSTEMPATH/View/View.php(213): include()
 2 SYSTEMPATH/View/View.php(216): CodeIgniter\View\View->CodeIgniter\View\{closure}()
 3 SYSTEMPATH/Common.php(1135): CodeIgniter\View\View->render()
 4 APPPATH/Controllers/DataAdmin.php(31): view()
 5 SYSTEMPATH/CodeIgniter.php(896): App\Controllers\DataAdmin->edit()
 6 SYSTEMPATH/CodeIgniter.php(466): CodeIgniter\CodeIgniter->runController()
 7 SYSTEMPATH/CodeIgniter.php(349): CodeIgniter\CodeIgniter->handleRequest()
 8 FCPATH/index.php(55): CodeIgniter\CodeIgniter->run()
 9 SYSTEMPATH/Commands/Server/rewrite.php(43): require_once('FCPATH/index.php')
CRITICAL - 2022-07-13 02:51:31 --> Call to undefined method App\Models\DataAdmin::rowArray
in SYSTEMPATH/Model.php on line 773.
 1 APPPATH/Controllers/DataAdmin.php(34): CodeIgniter\Model->__call()
 2 SYSTEMPATH/CodeIgniter.php(896): App\Controllers\DataAdmin->edit()
 3 SYSTEMPATH/CodeIgniter.php(466): CodeIgniter\CodeIgniter->runController()
 4 SYSTEMPATH/CodeIgniter.php(349): CodeIgniter\CodeIgniter->handleRequest()
 5 FCPATH/index.php(55): CodeIgniter\CodeIgniter->run()
 6 SYSTEMPATH/Commands/Server/rewrite.php(43): require_once('FCPATH/index.php')
CRITICAL - 2022-07-13 02:51:51 --> Call to undefined method App\Models\DataAdmin::getRowArray
in SYSTEMPATH/Model.php on line 773.
 1 APPPATH/Controllers/DataAdmin.php(34): CodeIgniter\Model->__call()
 2 SYSTEMPATH/CodeIgniter.php(896): App\Controllers\DataAdmin->edit()
 3 SYSTEMPATH/CodeIgniter.php(466): CodeIgniter\CodeIgniter->runController()
 4 SYSTEMPATH/CodeIgniter.php(349): CodeIgniter\CodeIgniter->handleRequest()
 5 FCPATH/index.php(55): CodeIgniter\CodeIgniter->run()
 6 SYSTEMPATH/Commands/Server/rewrite.php(43): require_once('FCPATH/index.php')
CRITICAL - 2022-07-13 02:52:36 --> Call to undefined method App\Models\DataAdmin::getRow
in SYSTEMPATH/Model.php on line 773.
 1 APPPATH/Controllers/DataAdmin.php(34): CodeIgniter\Model->__call()
 2 SYSTEMPATH/CodeIgniter.php(896): App\Controllers\DataAdmin->edit()
 3 SYSTEMPATH/CodeIgniter.php(466): CodeIgniter\CodeIgniter->runController()
 4 SYSTEMPATH/CodeIgniter.php(349): CodeIgniter\CodeIgniter->handleRequest()
 5 FCPATH/index.php(55): CodeIgniter\CodeIgniter->run()
 6 SYSTEMPATH/Commands/Server/rewrite.php(43): require_once('FCPATH/index.php')
CRITICAL - 2022-07-13 02:53:27 --> Call to undefined method App\Models\DataAdmin::getFirstRow
in SYSTEMPATH/Model.php on line 773.
 1 APPPATH/Controllers/DataAdmin.php(34): CodeIgniter\Model->__call()
 2 SYSTEMPATH/CodeIgniter.php(896): App\Controllers\DataAdmin->edit()
 3 SYSTEMPATH/CodeIgniter.php(466): CodeIgniter\CodeIgniter->runController()
 4 SYSTEMPATH/CodeIgniter.php(349): CodeIgniter\CodeIgniter->handleRequest()
 5 FCPATH/index.php(55): CodeIgniter\CodeIgniter->run()
 6 SYSTEMPATH/Commands/Server/rewrite.php(43): require_once('FCPATH/index.php')
CRITICAL - 2022-07-13 02:54:20 --> Undefined variable: data
in APPPATH/Views/admin/data_admin/edit.php on line 42.
 1 APPPATH/Views/admin/data_admin/edit.php(42): CodeIgniter\Debug\Exceptions->errorHandler()
 2 SYSTEMPATH/View/View.php(213): include('APPPATH/Views/admin/data_admin/edit.php')
 3 SYSTEMPATH/View/View.php(216): CodeIgniter\View\View->CodeIgniter\View\{closure}()
 4 SYSTEMPATH/Common.php(1135): CodeIgniter\View\View->render()
 5 APPPATH/Controllers/DataAdmin.php(35): view()
 6 SYSTEMPATH/CodeIgniter.php(896): App\Controllers\DataAdmin->edit()
 7 SYSTEMPATH/CodeIgniter.php(466): CodeIgniter\CodeIgniter->runController()
 8 SYSTEMPATH/CodeIgniter.php(349): CodeIgniter\CodeIgniter->handleRequest()
 9 FCPATH/index.php(55): CodeIgniter\CodeIgniter->run()
10 SYSTEMPATH/Commands/Server/rewrite.php(43): require_once('FCPATH/index.php')
CRITICAL - 2022-07-13 04:39:28 --> Object of class App\Controllers\DataAdmin could not be converted to string
in APPPATH/Controllers/DataAdmin.php on line 49.
 1 SYSTEMPATH/CodeIgniter.php(896): App\Controllers\DataAdmin->proses_simpan()
 2 SYSTEMPATH/CodeIgniter.php(466): CodeIgniter\CodeIgniter->runController()
 3 SYSTEMPATH/CodeIgniter.php(349): CodeIgniter\CodeIgniter->handleRequest()
 4 FCPATH/index.php(55): CodeIgniter\CodeIgniter->run()
 5 SYSTEMPATH/Commands/Server/rewrite.php(43): require_once('FCPATH/index.php')
CRITICAL - 2022-07-13 20:27:42 --> syntax error, unexpected '?>'
in APPPATH/Views/admin/data_admin/tambah.php on line 40.
 1 SYSTEMPATH/View/View.php(216): CodeIgniter\View\View->CodeIgniter\View\{closure}()
 2 SYSTEMPATH/Common.php(1135): CodeIgniter\View\View->render()
 3 APPPATH/Controllers/DataAdmin.php(31): view()
 4 SYSTEMPATH/CodeIgniter.php(896): App\Controllers\DataAdmin->tambah()
 5 SYSTEMPATH/CodeIgniter.php(466): CodeIgniter\CodeIgniter->runController()
 6 SYSTEMPATH/CodeIgniter.php(349): CodeIgniter\CodeIgniter->handleRequest()
 7 FCPATH/index.php(55): CodeIgniter\CodeIgniter->run()
 8 SYSTEMPATH/Commands/Server/rewrite.php(43): require_once('FCPATH/index.php')
CRITICAL - 2022-07-13 20:35:40 --> Call to a member function getError() on null
in APPPATH/Views/admin/data_admin/tambah.php on line 40.
 1 SYSTEMPATH/View/View.php(213): include()
 2 SYSTEMPATH/View/View.php(216): CodeIgniter\View\View->CodeIgniter\View\{closure}()
 3 SYSTEMPATH/Common.php(1135): CodeIgniter\View\View->render()
 4 APPPATH/Controllers/DataAdmin.php(31): view()
 5 SYSTEMPATH/CodeIgniter.php(896): App\Controllers\DataAdmin->tambah()
 6 SYSTEMPATH/CodeIgniter.php(466): CodeIgniter\CodeIgniter->runController()
 7 SYSTEMPATH/CodeIgniter.php(349): CodeIgniter\CodeIgniter->handleRequest()
 8 FCPATH/index.php(55): CodeIgniter\CodeIgniter->run()
 9 SYSTEMPATH/Commands/Server/rewrite.php(43): require_once('FCPATH/index.php')
CRITICAL - 2022-07-13 21:21:45 --> Allowed fields must be specified for model: App\Models\DataAdmin
in SYSTEMPATH/BaseModel.php on line 1138.
 1 SYSTEMPATH/BaseModel.php(1138): CodeIgniter\Database\Exceptions\DataException::forInvalidAllowedFields()
 2 SYSTEMPATH/BaseModel.php(713): CodeIgniter\BaseModel->doProtectFields()
 3 SYSTEMPATH/Model.php(666): CodeIgniter\BaseModel->insert()
 4 APPPATH/Controllers/DataAdmin.php(37): CodeIgniter\Model->insert()
 5 SYSTEMPATH/CodeIgniter.php(896): App\Controllers\DataAdmin->tambah()
 6 SYSTEMPATH/CodeIgniter.php(466): CodeIgniter\CodeIgniter->runController()
 7 SYSTEMPATH/CodeIgniter.php(349): CodeIgniter\CodeIgniter->handleRequest()
 8 FCPATH/index.php(55): CodeIgniter\CodeIgniter->run()
 9 SYSTEMPATH/Commands/Server/rewrite.php(43): require_once('FCPATH/index.php')
CRITICAL - 2022-07-13 22:14:24 --> Undefined property: CodeIgniter\View\View::$session
in APPPATH/Views/admin/data_admin/tampil.php on line 128.
 1 APPPATH/Views/admin/data_admin/tampil.php(128): CodeIgniter\Debug\Exceptions->errorHandler()
 2 SYSTEMPATH/View/View.php(213): include('APPPATH/Views/admin/data_admin/tampil.php')
 3 SYSTEMPATH/View/View.php(216): CodeIgniter\View\View->CodeIgniter\View\{closure}()
 4 SYSTEMPATH/Common.php(1135): CodeIgniter\View\View->render()
 5 APPPATH/Controllers/DataAdmin.php(21): view()
 6 SYSTEMPATH/CodeIgniter.php(896): App\Controllers\DataAdmin->index()
 7 SYSTEMPATH/CodeIgniter.php(466): CodeIgniter\CodeIgniter->runController()
 8 SYSTEMPATH/CodeIgniter.php(349): CodeIgniter\CodeIgniter->handleRequest()
 9 FCPATH/index.php(55): CodeIgniter\CodeIgniter->run()
10 SYSTEMPATH/Commands/Server/rewrite.php(43): require_once('FCPATH/index.php')
CRITICAL - 2022-07-13 22:15:47 --> Undefined property: CodeIgniter\View\View::$session
in APPPATH/Views/admin/data_admin/tampil.php on line 128.
 1 APPPATH/Views/admin/data_admin/tampil.php(128): CodeIgniter\Debug\Exceptions->errorHandler()
 2 SYSTEMPATH/View/View.php(213): include('APPPATH/Views/admin/data_admin/tampil.php')
 3 SYSTEMPATH/View/View.php(216): CodeIgniter\View\View->CodeIgniter\View\{closure}()
 4 SYSTEMPATH/Common.php(1135): CodeIgniter\View\View->render()
 5 APPPATH/Controllers/DataAdmin.php(21): view()
 6 SYSTEMPATH/CodeIgniter.php(896): App\Controllers\DataAdmin->index()
 7 SYSTEMPATH/CodeIgniter.php(466): CodeIgniter\CodeIgniter->runController()
 8 SYSTEMPATH/CodeIgniter.php(349): CodeIgniter\CodeIgniter->handleRequest()
 9 FCPATH/index.php(55): CodeIgniter\CodeIgniter->run()
10 SYSTEMPATH/Commands/Server/rewrite.php(43): require_once('FCPATH/index.php')
CRITICAL - 2022-07-13 22:33:48 --> syntax error, unexpected ''username'' (T_CONSTANT_ENCAPSED_STRING), expecting ']'
in APPPATH/Controllers/DataAdmin.php on line 59.
 1 SYSTEMPATH/Autoloader/Autoloader.php(261): CodeIgniter\Autoloader\Autoloader->includeFile()
 2 SYSTEMPATH/Autoloader/Autoloader.php(239): CodeIgniter\Autoloader\Autoloader->loadInNamespace()
 3 [internal function]: CodeIgniter\Autoloader\Autoloader->loadClass()
 4 [internal function]: spl_autoload_call()
 5 SYSTEMPATH/CodeIgniter.php(846): class_exists()
 6 SYSTEMPATH/CodeIgniter.php(453): CodeIgniter\CodeIgniter->startController()
 7 SYSTEMPATH/CodeIgniter.php(349): CodeIgniter\CodeIgniter->handleRequest()
 8 FCPATH/index.php(55): CodeIgniter\CodeIgniter->run()
 9 SYSTEMPATH/Commands/Server/rewrite.php(43): require_once('FCPATH/index.php')
CRITICAL - 2022-07-13 22:33:51 --> syntax error, unexpected ''username'' (T_CONSTANT_ENCAPSED_STRING), expecting ']'
in APPPATH/Controllers/DataAdmin.php on line 59.
 1 SYSTEMPATH/Autoloader/Autoloader.php(261): CodeIgniter\Autoloader\Autoloader->includeFile()
 2 SYSTEMPATH/Autoloader/Autoloader.php(239): CodeIgniter\Autoloader\Autoloader->loadInNamespace()
 3 [internal function]: CodeIgniter\Autoloader\Autoloader->loadClass()
 4 [internal function]: spl_autoload_call()
 5 SYSTEMPATH/CodeIgniter.php(846): class_exists()
 6 SYSTEMPATH/CodeIgniter.php(453): CodeIgniter\CodeIgniter->startController()
 7 SYSTEMPATH/CodeIgniter.php(349): CodeIgniter\CodeIgniter->handleRequest()
 8 FCPATH/index.php(55): CodeIgniter\CodeIgniter->run()
 9 SYSTEMPATH/Commands/Server/rewrite.php(43): require_once('FCPATH/index.php')
CRITICAL - 2022-07-13 22:33:54 --> syntax error, unexpected ''username'' (T_CONSTANT_ENCAPSED_STRING), expecting ']'
in APPPATH/Controllers/DataAdmin.php on line 59.
 1 SYSTEMPATH/Autoloader/Autoloader.php(261): CodeIgniter\Autoloader\Autoloader->includeFile()
 2 SYSTEMPATH/Autoloader/Autoloader.php(239): CodeIgniter\Autoloader\Autoloader->loadInNamespace()
 3 [internal function]: CodeIgniter\Autoloader\Autoloader->loadClass()
 4 [internal function]: spl_autoload_call()
 5 SYSTEMPATH/CodeIgniter.php(846): class_exists()
 6 SYSTEMPATH/CodeIgniter.php(453): CodeIgniter\CodeIgniter->startController()
 7 SYSTEMPATH/CodeIgniter.php(349): CodeIgniter\CodeIgniter->handleRequest()
 8 FCPATH/index.php(55): CodeIgniter\CodeIgniter->run()
 9 SYSTEMPATH/Commands/Server/rewrite.php(43): require_once('FCPATH/index.php')
CRITICAL - 2022-07-13 22:34:08 --> There is no data to update.
in SYSTEMPATH/BaseModel.php on line 1576.
 1 SYSTEMPATH/BaseModel.php(1576): CodeIgniter\Database\Exceptions\DataException::forEmptyDataset()
 2 SYSTEMPATH/BaseModel.php(832): CodeIgniter\BaseModel->transformDataToArray()
 3 SYSTEMPATH/Model.php(692): CodeIgniter\BaseModel->update()
 4 APPPATH/Controllers/DataAdmin.php(60): CodeIgniter\Model->update()
 5 SYSTEMPATH/CodeIgniter.php(896): App\Controllers\DataAdmin->edit()
 6 SYSTEMPATH/CodeIgniter.php(466): CodeIgniter\CodeIgniter->runController()
 7 SYSTEMPATH/CodeIgniter.php(349): CodeIgniter\CodeIgniter->handleRequest()
 8 FCPATH/index.php(55): CodeIgniter\CodeIgniter->run()
 9 SYSTEMPATH/Commands/Server/rewrite.php(43): require_once('FCPATH/index.php')
CRITICAL - 2022-07-13 22:47:49 --> There is no data to update.
in SYSTEMPATH/BaseModel.php on line 1576.
 1 SYSTEMPATH/BaseModel.php(1576): CodeIgniter\Database\Exceptions\DataException::forEmptyDataset()
 2 SYSTEMPATH/BaseModel.php(832): CodeIgniter\BaseModel->transformDataToArray()
 3 SYSTEMPATH/Model.php(692): CodeIgniter\BaseModel->update()
 4 APPPATH/Controllers/DataAdmin.php(60): CodeIgniter\Model->update()
 5 SYSTEMPATH/CodeIgniter.php(896): App\Controllers\DataAdmin->edit()
 6 SYSTEMPATH/CodeIgniter.php(466): CodeIgniter\CodeIgniter->runController()
 7 SYSTEMPATH/CodeIgniter.php(349): CodeIgniter\CodeIgniter->handleRequest()
 8 FCPATH/index.php(55): CodeIgniter\CodeIgniter->run()
 9 SYSTEMPATH/Commands/Server/rewrite.php(43): require_once('FCPATH/index.php')
CRITICAL - 2022-07-13 22:48:00 --> There is no data to update.
in SYSTEMPATH/BaseModel.php on line 1576.
 1 SYSTEMPATH/BaseModel.php(1576): CodeIgniter\Database\Exceptions\DataException::forEmptyDataset()
 2 SYSTEMPATH/BaseModel.php(832): CodeIgniter\BaseModel->transformDataToArray()
 3 SYSTEMPATH/Model.php(692): CodeIgniter\BaseModel->update()
 4 APPPATH/Controllers/DataAdmin.php(60): CodeIgniter\Model->update()
 5 SYSTEMPATH/CodeIgniter.php(896): App\Controllers\DataAdmin->edit()
 6 SYSTEMPATH/CodeIgniter.php(466): CodeIgniter\CodeIgniter->runController()
 7 SYSTEMPATH/CodeIgniter.php(349): CodeIgniter\CodeIgniter->handleRequest()
 8 FCPATH/index.php(55): CodeIgniter\CodeIgniter->run()
 9 SYSTEMPATH/Commands/Server/rewrite.php(43): require_once('FCPATH/index.php')
CRITICAL - 2022-07-13 22:50:52 --> There is no primary key defined when trying to make insert.
in SYSTEMPATH/Model.php on line 268.
 1 SYSTEMPATH/Model.php(268): CodeIgniter\Database\Exceptions\DataException::forEmptyPrimaryKey()
 2 SYSTEMPATH/BaseModel.php(738): CodeIgniter\Model->doInsert()
 3 SYSTEMPATH/Model.php(666): CodeIgniter\BaseModel->insert()
 4 SYSTEMPATH/BaseModel.php(658): CodeIgniter\Model->insert()
 5 APPPATH/Controllers/DataAdmin.php(61): CodeIgniter\BaseModel->save()
 6 SYSTEMPATH/CodeIgniter.php(896): App\Controllers\DataAdmin->edit()
 7 SYSTEMPATH/CodeIgniter.php(466): CodeIgniter\CodeIgniter->runController()
 8 SYSTEMPATH/CodeIgniter.php(349): CodeIgniter\CodeIgniter->handleRequest()
 9 FCPATH/index.php(55): CodeIgniter\CodeIgniter->run()
10 SYSTEMPATH/Commands/Server/rewrite.php(43): require_once('FCPATH/index.php')
CRITICAL - 2022-07-13 22:51:14 --> There is no data to update.
in SYSTEMPATH/BaseModel.php on line 1576.
 1 SYSTEMPATH/BaseModel.php(1576): CodeIgniter\Database\Exceptions\DataException::forEmptyDataset()
 2 SYSTEMPATH/BaseModel.php(832): CodeIgniter\BaseModel->transformDataToArray()
 3 SYSTEMPATH/Model.php(692): CodeIgniter\BaseModel->update()
 4 APPPATH/Controllers/DataAdmin.php(61): CodeIgniter\Model->update()
 5 SYSTEMPATH/CodeIgniter.php(896): App\Controllers\DataAdmin->edit()
 6 SYSTEMPATH/CodeIgniter.php(466): CodeIgniter\CodeIgniter->runController()
 7 SYSTEMPATH/CodeIgniter.php(349): CodeIgniter\CodeIgniter->handleRequest()
 8 FCPATH/index.php(55): CodeIgniter\CodeIgniter->run()
 9 SYSTEMPATH/Commands/Server/rewrite.php(43): require_once('FCPATH/index.php')
CRITICAL - 2022-07-13 23:24:04 --> Too few arguments to function App\Controllers\DataAdmin::hapus(), 0 passed in /mnt/CED40BDFD40BC8A3/xampp/htdocs/r/crud_ci/vendor/codeigniter4/framework/system/CodeIgniter.php on line 896 and exactly 1 expected
in APPPATH/Controllers/DataAdmin.php on line 100.
 1 SYSTEMPATH/CodeIgniter.php(896): App\Controllers\DataAdmin->hapus()
 2 SYSTEMPATH/CodeIgniter.php(466): CodeIgniter\CodeIgniter->runController()
 3 SYSTEMPATH/CodeIgniter.php(349): CodeIgniter\CodeIgniter->handleRequest()
 4 FCPATH/index.php(55): CodeIgniter\CodeIgniter->run()
 5 SYSTEMPATH/Commands/Server/rewrite.php(43): require_once('FCPATH/index.php')
CRITICAL - 2022-07-13 23:28:55 --> Undefined variable: pager
in APPPATH/Views/admin/data_admin/tampil.php on line 116.
 1 APPPATH/Views/admin/data_admin/tampil.php(116): CodeIgniter\Debug\Exceptions->errorHandler()
 2 SYSTEMPATH/View/View.php(213): include('APPPATH/Views/admin/data_admin/tampil.php')
 3 SYSTEMPATH/View/View.php(216): CodeIgniter\View\View->CodeIgniter\View\{closure}()
 4 SYSTEMPATH/Common.php(1135): CodeIgniter\View\View->render()
 5 APPPATH/Controllers/DataAdmin.php(21): view()
 6 SYSTEMPATH/CodeIgniter.php(896): App\Controllers\DataAdmin->index()
 7 SYSTEMPATH/CodeIgniter.php(466): CodeIgniter\CodeIgniter->runController()
 8 SYSTEMPATH/CodeIgniter.php(349): CodeIgniter\CodeIgniter->handleRequest()
 9 FCPATH/index.php(55): CodeIgniter\CodeIgniter->run()
10 SYSTEMPATH/Commands/Server/rewrite.php(43): require_once('FCPATH/index.php')
CRITICAL - 2022-07-13 23:37:24 --> Call to undefined method CodeIgniter\Pager\Pager::getPage()
in APPPATH/Views/admin/data_admin/tampil.php on line 76.
 1 SYSTEMPATH/View/View.php(213): include()
 2 SYSTEMPATH/View/View.php(216): CodeIgniter\View\View->CodeIgniter\View\{closure}()
 3 SYSTEMPATH/Common.php(1135): CodeIgniter\View\View->render()
 4 APPPATH/Controllers/DataAdmin.php(21): view()
 5 SYSTEMPATH/CodeIgniter.php(896): App\Controllers\DataAdmin->index()
 6 SYSTEMPATH/CodeIgniter.php(466): CodeIgniter\CodeIgniter->runController()
 7 SYSTEMPATH/CodeIgniter.php(349): CodeIgniter\CodeIgniter->handleRequest()
 8 FCPATH/index.php(55): CodeIgniter\CodeIgniter->run()
 9 SYSTEMPATH/Commands/Server/rewrite.php(43): require_once('FCPATH/index.php')
CRITICAL - 2022-07-13 23:43:16 --> Call to undefined method CodeIgniter\Pager\Pager::getTotalPage()
in APPPATH/Views/admin/data_admin/tampil.php on line 113.
 1 SYSTEMPATH/View/View.php(213): include()
 2 SYSTEMPATH/View/View.php(216): CodeIgniter\View\View->CodeIgniter\View\{closure}()
 3 SYSTEMPATH/Common.php(1135): CodeIgniter\View\View->render()
 4 APPPATH/Controllers/DataAdmin.php(21): view()
 5 SYSTEMPATH/CodeIgniter.php(896): App\Controllers\DataAdmin->index()
 6 SYSTEMPATH/CodeIgniter.php(466): CodeIgniter\CodeIgniter->runController()
 7 SYSTEMPATH/CodeIgniter.php(349): CodeIgniter\CodeIgniter->handleRequest()
 8 FCPATH/index.php(55): CodeIgniter\CodeIgniter->run()
 9 SYSTEMPATH/Commands/Server/rewrite.php(43): require_once('FCPATH/index.php')
CRITICAL - 2022-07-13 23:51:24 --> Invalid file: admin/data_admin/detail.php
in SYSTEMPATH/Exceptions/FrameworkException.php on line 33.
 1 SYSTEMPATH/View/View.php(201): CodeIgniter\Exceptions\FrameworkException::forInvalidFile()
 2 SYSTEMPATH/Common.php(1135): CodeIgniter\View\View->render()
 3 APPPATH/Controllers/DataAdmin.php(114): view()
 4 SYSTEMPATH/CodeIgniter.php(896): App\Controllers\DataAdmin->detail()
 5 SYSTEMPATH/CodeIgniter.php(466): CodeIgniter\CodeIgniter->runController()
 6 SYSTEMPATH/CodeIgniter.php(349): CodeIgniter\CodeIgniter->handleRequest()
 7 FCPATH/index.php(55): CodeIgniter\CodeIgniter->run()
 8 SYSTEMPATH/Commands/Server/rewrite.php(43): require_once('FCPATH/index.php')
CRITICAL - 2022-07-13 23:52:24 --> Call to undefined function index()
in APPPATH/Views/admin/data_admin/detail.php on line 1.
 1 SYSTEMPATH/View/View.php(213): include()
 2 SYSTEMPATH/View/View.php(216): CodeIgniter\View\View->CodeIgniter\View\{closure}()
 3 SYSTEMPATH/Common.php(1135): CodeIgniter\View\View->render()
 4 APPPATH/Controllers/DataAdmin.php(114): view()
 5 SYSTEMPATH/CodeIgniter.php(896): App\Controllers\DataAdmin->detail()
 6 SYSTEMPATH/CodeIgniter.php(466): CodeIgniter\CodeIgniter->runController()
 7 SYSTEMPATH/CodeIgniter.php(349): CodeIgniter\CodeIgniter->handleRequest()
 8 FCPATH/index.php(55): CodeIgniter\CodeIgniter->run()
 9 SYSTEMPATH/Commands/Server/rewrite.php(43): require_once('FCPATH/index.php')
CRITICAL - 2022-07-13 23:52:55 --> Undefined index: hak_akses
in APPPATH/Views/admin/data_admin/detail.php on line 43.
 1 APPPATH/Views/admin/data_admin/detail.php(43): CodeIgniter\Debug\Exceptions->errorHandler()
 2 SYSTEMPATH/View/View.php(213): include('APPPATH/Views/admin/data_admin/detail.php')
 3 SYSTEMPATH/View/View.php(216): CodeIgniter\View\View->CodeIgniter\View\{closure}()
 4 SYSTEMPATH/Common.php(1135): CodeIgniter\View\View->render()
 5 APPPATH/Controllers/DataAdmin.php(114): view()
 6 SYSTEMPATH/CodeIgniter.php(896): App\Controllers\DataAdmin->detail()
 7 SYSTEMPATH/CodeIgniter.php(466): CodeIgniter\CodeIgniter->runController()
 8 SYSTEMPATH/CodeIgniter.php(349): CodeIgniter\CodeIgniter->handleRequest()
 9 FCPATH/index.php(55): CodeIgniter\CodeIgniter->run()
10 SYSTEMPATH/Commands/Server/rewrite.php(43): require_once('FCPATH/index.php')
CRITICAL - 2022-07-13 23:53:42 --> Call to undefined function mysql_real_escape_string()
in APPPATH/Views/admin/data_admin/detail.php on line 39.
 1 SYSTEMPATH/View/View.php(213): include()
 2 SYSTEMPATH/View/View.php(216): CodeIgniter\View\View->CodeIgniter\View\{closure}()
 3 SYSTEMPATH/Common.php(1135): CodeIgniter\View\View->render()
 4 APPPATH/Controllers/DataAdmin.php(114): view()
 5 SYSTEMPATH/CodeIgniter.php(896): App\Controllers\DataAdmin->detail()
 6 SYSTEMPATH/CodeIgniter.php(466): CodeIgniter\CodeIgniter->runController()
 7 SYSTEMPATH/CodeIgniter.php(349): CodeIgniter\CodeIgniter->handleRequest()
 8 FCPATH/index.php(55): CodeIgniter\CodeIgniter->run()
 9 SYSTEMPATH/Commands/Server/rewrite.php(43): require_once('FCPATH/index.php')
