CRITICAL - 2024-08-17 01:31:50 --> Maximum execution time of 60 seconds exceeded
in SYSTEMPATH\Cache\Handlers\BaseHandler.php on line 22.
 1 [internal function]: CodeIgniter\Debug\Exceptions->shutdownHandler()
CRITICAL - 2024-08-17 02:18:33 --> Undefined array key "id_rekam_medis"
in APPPATH\Views\admin\data_anamnesis\tampil.php on line 117.
 1 APPPATH\Views\admin\data_anamnesis\tampil.php(117): CodeIgniter\Debug\Exceptions->errorHandler(2, 'Undefined array key "id_rekam_medis"', 'APPPATH\\Views\\admin\\data_anamnesis\\tampil.php', 117)
 2 SYSTEMPATH\View\View.php(213): include('APPPATH\\Views\\admin\\data_anamnesis\\tampil.php')
 3 SYSTEMPATH\View\View.php(216): CodeIgniter\View\View->CodeIgniter\View\{closure}()
 4 SYSTEMPATH\Common.php(1135): CodeIgniter\View\View->render('admin/data_anamnesis/tampil', [], true)
 5 APPPATH\Controllers\admin\DataAnamnesis.php(28): view('admin/data_anamnesis/tampil', [...])
 6 SYSTEMPATH\CodeIgniter.php(896): App\Controllers\admin\DataAnamnesis->index()
 7 SYSTEMPATH\CodeIgniter.php(466): CodeIgniter\CodeIgniter->runController(Object(App\Controllers\admin\DataAnamnesis))
 8 SYSTEMPATH\CodeIgniter.php(349): CodeIgniter\CodeIgniter->handleRequest(null, Object(Config\Cache), false)
 9 FCPATH\index.php(55): CodeIgniter\CodeIgniter->run()
10 SYSTEMPATH\Commands\Server\rewrite.php(43): require_once('FCPATH\\index.php')
CRITICAL - 2024-08-17 04:01:39 --> Undefined array key "id_rekam_medis"
in APPPATH\Views\admin\data_anamnesis\cetak.php on line 116.
 1 APPPATH\Views\admin\data_anamnesis\cetak.php(116): CodeIgniter\Debug\Exceptions->errorHandler(2, 'Undefined array key "id_rekam_medis"', 'APPPATH\\Views\\admin\\data_anamnesis\\cetak.php', 116)
 2 SYSTEMPATH\View\View.php(213): include('APPPATH\\Views\\admin\\data_anamnesis\\cetak.php')
 3 SYSTEMPATH\View\View.php(216): CodeIgniter\View\View->CodeIgniter\View\{closure}()
 4 SYSTEMPATH\Common.php(1135): CodeIgniter\View\View->render('admin/data_anamnesis/cetak', [], true)
 5 APPPATH\Controllers\admin\DataAnamnesis.php(105): view('admin/data_anamnesis/cetak', [...])
 6 SYSTEMPATH\CodeIgniter.php(896): App\Controllers\admin\DataAnamnesis->cetak()
 7 SYSTEMPATH\CodeIgniter.php(466): CodeIgniter\CodeIgniter->runController(Object(App\Controllers\admin\DataAnamnesis))
 8 SYSTEMPATH\CodeIgniter.php(349): CodeIgniter\CodeIgniter->handleRequest(null, Object(Config\Cache), false)
 9 FCPATH\index.php(55): CodeIgniter\CodeIgniter->run()
10 SYSTEMPATH\Commands\Server\rewrite.php(43): require_once('FCPATH\\index.php')
CRITICAL - 2024-08-17 04:02:00 --> Undefined array key "id_rekam_medis"
in APPPATH\Views\admin\data_anamnesis\cetak.php on line 116.
 1 APPPATH\Views\admin\data_anamnesis\cetak.php(116): CodeIgniter\Debug\Exceptions->errorHandler(2, 'Undefined array key "id_rekam_medis"', 'APPPATH\\Views\\admin\\data_anamnesis\\cetak.php', 116)
 2 SYSTEMPATH\View\View.php(213): include('APPPATH\\Views\\admin\\data_anamnesis\\cetak.php')
 3 SYSTEMPATH\View\View.php(216): CodeIgniter\View\View->CodeIgniter\View\{closure}()
 4 SYSTEMPATH\Common.php(1135): CodeIgniter\View\View->render('admin/data_anamnesis/cetak', [], true)
 5 APPPATH\Controllers\admin\DataAnamnesis.php(105): view('admin/data_anamnesis/cetak', [...])
 6 SYSTEMPATH\CodeIgniter.php(896): App\Controllers\admin\DataAnamnesis->cetak()
 7 SYSTEMPATH\CodeIgniter.php(466): CodeIgniter\CodeIgniter->runController(Object(App\Controllers\admin\DataAnamnesis))
 8 SYSTEMPATH\CodeIgniter.php(349): CodeIgniter\CodeIgniter->handleRequest(null, Object(Config\Cache), false)
 9 FCPATH\index.php(55): CodeIgniter\CodeIgniter->run()
10 SYSTEMPATH\Commands\Server\rewrite.php(43): require_once('FCPATH\\index.php')
CRITICAL - 2024-08-17 04:02:35 --> Undefined array key "id_rekam_medis"
in APPPATH\Views\admin\data_anamnesis\cetak.php on line 116.
 1 APPPATH\Views\admin\data_anamnesis\cetak.php(116): CodeIgniter\Debug\Exceptions->errorHandler(2, 'Undefined array key "id_rekam_medis"', 'APPPATH\\Views\\admin\\data_anamnesis\\cetak.php', 116)
 2 SYSTEMPATH\View\View.php(213): include('APPPATH\\Views\\admin\\data_anamnesis\\cetak.php')
 3 SYSTEMPATH\View\View.php(216): CodeIgniter\View\View->CodeIgniter\View\{closure}()
 4 SYSTEMPATH\Common.php(1135): CodeIgniter\View\View->render('admin/data_anamnesis/cetak', [], true)
 5 APPPATH\Controllers\admin\DataAnamnesis.php(105): view('admin/data_anamnesis/cetak', [...])
 6 SYSTEMPATH\CodeIgniter.php(896): App\Controllers\admin\DataAnamnesis->cetak()
 7 SYSTEMPATH\CodeIgniter.php(466): CodeIgniter\CodeIgniter->runController(Object(App\Controllers\admin\DataAnamnesis))
 8 SYSTEMPATH\CodeIgniter.php(349): CodeIgniter\CodeIgniter->handleRequest(null, Object(Config\Cache), false)
 9 FCPATH\index.php(55): CodeIgniter\CodeIgniter->run()
10 SYSTEMPATH\Commands\Server\rewrite.php(43): require_once('FCPATH\\index.php')
CRITICAL - 2024-08-17 04:02:48 --> Undefined array key "id_rekam_medis"
in APPPATH\Views\admin\data_anamnesis\cetak.php on line 116.
 1 APPPATH\Views\admin\data_anamnesis\cetak.php(116): CodeIgniter\Debug\Exceptions->errorHandler(2, 'Undefined array key "id_rekam_medis"', 'APPPATH\\Views\\admin\\data_anamnesis\\cetak.php', 116)
 2 SYSTEMPATH\View\View.php(213): include('APPPATH\\Views\\admin\\data_anamnesis\\cetak.php')
 3 SYSTEMPATH\View\View.php(216): CodeIgniter\View\View->CodeIgniter\View\{closure}()
 4 SYSTEMPATH\Common.php(1135): CodeIgniter\View\View->render('admin/data_anamnesis/cetak', [], true)
 5 APPPATH\Controllers\admin\DataAnamnesis.php(105): view('admin/data_anamnesis/cetak', [...])
 6 SYSTEMPATH\CodeIgniter.php(896): App\Controllers\admin\DataAnamnesis->cetak()
 7 SYSTEMPATH\CodeIgniter.php(466): CodeIgniter\CodeIgniter->runController(Object(App\Controllers\admin\DataAnamnesis))
 8 SYSTEMPATH\CodeIgniter.php(349): CodeIgniter\CodeIgniter->handleRequest(null, Object(Config\Cache), false)
 9 FCPATH\index.php(55): CodeIgniter\CodeIgniter->run()
10 SYSTEMPATH\Commands\Server\rewrite.php(43): require_once('FCPATH\\index.php')
