CRITICAL - 2022-09-30 02:07:29 --> Undefined index: nama
in APPPATH/Views/admin/data_admin/edit.php on line 52.
 1 APPPATH/Views/admin/data_admin/edit.php(52): CodeIgniter\Debug\Exceptions->errorHandler()
 2 SYSTEMPATH/View/View.php(213): include('APPPATH/Views/admin/data_admin/edit.php')
 3 SYSTEMPATH/View/View.php(216): CodeIgniter\View\View->CodeIgniter\View\{closure}()
 4 SYSTEMPATH/Common.php(1135): CodeIgniter\View\View->render()
 5 APPPATH/Controllers/DataAdmin.php(71): view()
 6 SYSTEMPATH/CodeIgniter.php(896): App\Controllers\DataAdmin->edit()
 7 SYSTEMPATH/CodeIgniter.php(466): CodeIgniter\CodeIgniter->runController()
 8 SYSTEMPATH/CodeIgniter.php(349): CodeIgniter\CodeIgniter->handleRequest()
 9 FCPATH/index.php(55): CodeIgniter\CodeIgniter->run()
10 SYSTEMPATH/Commands/Server/rewrite.php(43): require_once('FCPATH/index.php')
CRITICAL - 2022-09-30 02:13:10 --> Call to undefined function set_value()
in APPPATH/Views/admin/data_admin/tambah.php on line 39.
 1 SYSTEMPATH/View/View.php(213): include()
 2 SYSTEMPATH/View/View.php(216): CodeIgniter\View\View->CodeIgniter\View\{closure}()
 3 SYSTEMPATH/Common.php(1135): CodeIgniter\View\View->render()
 4 APPPATH/Controllers/DataAdmin.php(43): view()
 5 SYSTEMPATH/CodeIgniter.php(896): App\Controllers\DataAdmin->tambah()
 6 SYSTEMPATH/CodeIgniter.php(466): CodeIgniter\CodeIgniter->runController()
 7 SYSTEMPATH/CodeIgniter.php(349): CodeIgniter\CodeIgniter->handleRequest()
 8 FCPATH/index.php(55): CodeIgniter\CodeIgniter->run()
 9 SYSTEMPATH/Commands/Server/rewrite.php(43): require_once('FCPATH/index.php')
CRITICAL - 2022-09-30 02:33:14 --> syntax error, unexpected 'alert_load' (T_STRING), expecting '('
in APPPATH/Helpers/alert_helper.php on line 3.
 1 SYSTEMPATH/Controller.php(85): helper()
 2 APPPATH/Controllers/BaseController.php(49): CodeIgniter\Controller->initController()
 3 SYSTEMPATH/CodeIgniter.php(859): App\Controllers\BaseController->initController()
 4 SYSTEMPATH/CodeIgniter.php(457): CodeIgniter\CodeIgniter->createController()
 5 SYSTEMPATH/CodeIgniter.php(349): CodeIgniter\CodeIgniter->handleRequest()
 6 FCPATH/index.php(55): CodeIgniter\CodeIgniter->run()
 7 SYSTEMPATH/Commands/Server/rewrite.php(43): require_once('FCPATH/index.php')
CRITICAL - 2022-09-30 02:33:29 --> syntax error, unexpected '}', expecting end of file
in APPPATH/Helpers/alert_helper.php on line 10.
 1 SYSTEMPATH/Controller.php(85): helper()
 2 APPPATH/Controllers/BaseController.php(49): CodeIgniter\Controller->initController()
 3 SYSTEMPATH/CodeIgniter.php(859): App\Controllers\BaseController->initController()
 4 SYSTEMPATH/CodeIgniter.php(457): CodeIgniter\CodeIgniter->createController()
 5 SYSTEMPATH/CodeIgniter.php(349): CodeIgniter\CodeIgniter->handleRequest()
 6 FCPATH/index.php(55): CodeIgniter\CodeIgniter->run()
 7 SYSTEMPATH/Commands/Server/rewrite.php(43): require_once('FCPATH/index.php')
CRITICAL - 2022-09-30 03:17:31 --> Invalid file: admin/data_admin/cetak.php
in SYSTEMPATH/Exceptions/FrameworkException.php on line 33.
 1 SYSTEMPATH/View/View.php(201): CodeIgniter\Exceptions\FrameworkException::forInvalidFile()
 2 SYSTEMPATH/Common.php(1135): CodeIgniter\View\View->render()
 3 APPPATH/Controllers/DataAdmin.php(79): view()
 4 SYSTEMPATH/CodeIgniter.php(896): App\Controllers\DataAdmin->cetak()
 5 SYSTEMPATH/CodeIgniter.php(466): CodeIgniter\CodeIgniter->runController()
 6 SYSTEMPATH/CodeIgniter.php(349): CodeIgniter\CodeIgniter->handleRequest()
 7 FCPATH/index.php(55): CodeIgniter\CodeIgniter->run()
 8 SYSTEMPATH/Commands/Server/rewrite.php(43): require_once('FCPATH/index.php')
CRITICAL - 2022-09-30 03:54:18 --> include(../../../include/all_include.php): failed to open stream: No such file or directory
in APPPATH/Views/admin/data_admin/cetak.php on line 18.
 1 APPPATH/Views/admin/data_admin/cetak.php(18): CodeIgniter\Debug\Exceptions->errorHandler()
 2 APPPATH/Views/admin/data_admin/cetak.php(18): include()
 3 SYSTEMPATH/View/View.php(213): include('APPPATH/Views/admin/data_admin/cetak.php')
 4 SYSTEMPATH/View/View.php(216): CodeIgniter\View\View->CodeIgniter\View\{closure}()
 5 SYSTEMPATH/Common.php(1135): CodeIgniter\View\View->render()
 6 APPPATH/Controllers/DataAdmin.php(79): view()
 7 SYSTEMPATH/CodeIgniter.php(896): App\Controllers\DataAdmin->cetak()
 8 SYSTEMPATH/CodeIgniter.php(466): CodeIgniter\CodeIgniter->runController()
 9 SYSTEMPATH/CodeIgniter.php(349): CodeIgniter\CodeIgniter->handleRequest()
10 FCPATH/index.php(55): CodeIgniter\CodeIgniter->run()
11 SYSTEMPATH/Commands/Server/rewrite.php(43): require_once('FCPATH/index.php')
CRITICAL - 2022-09-30 04:03:42 --> include(../../../include/all_include.php): failed to open stream: No such file or directory
in APPPATH/Views/admin/data_admin/cetak.php on line 27.
 1 APPPATH/Views/admin/data_admin/cetak.php(27): CodeIgniter\Debug\Exceptions->errorHandler()
 2 APPPATH/Views/admin/data_admin/cetak.php(27): include()
 3 SYSTEMPATH/View/View.php(213): include('APPPATH/Views/admin/data_admin/cetak.php')
 4 SYSTEMPATH/View/View.php(216): CodeIgniter\View\View->CodeIgniter\View\{closure}()
 5 SYSTEMPATH/Common.php(1135): CodeIgniter\View\View->render()
 6 APPPATH/Controllers/DataAdmin.php(79): view()
 7 SYSTEMPATH/CodeIgniter.php(896): App\Controllers\DataAdmin->cetak()
 8 SYSTEMPATH/CodeIgniter.php(466): CodeIgniter\CodeIgniter->runController()
 9 SYSTEMPATH/CodeIgniter.php(349): CodeIgniter\CodeIgniter->handleRequest()
10 FCPATH/index.php(55): CodeIgniter\CodeIgniter->run()
11 SYSTEMPATH/Commands/Server/rewrite.php(43): require_once('FCPATH/index.php')
CRITICAL - 2022-09-30 04:03:48 --> include(../../../include/all_include.php): failed to open stream: No such file or directory
in APPPATH/Views/admin/data_admin/cetak.php on line 27.
 1 APPPATH/Views/admin/data_admin/cetak.php(27): CodeIgniter\Debug\Exceptions->errorHandler()
 2 APPPATH/Views/admin/data_admin/cetak.php(27): include()
 3 SYSTEMPATH/View/View.php(213): include('APPPATH/Views/admin/data_admin/cetak.php')
 4 SYSTEMPATH/View/View.php(216): CodeIgniter\View\View->CodeIgniter\View\{closure}()
 5 SYSTEMPATH/Common.php(1135): CodeIgniter\View\View->render()
 6 APPPATH/Controllers/DataAdmin.php(79): view()
 7 SYSTEMPATH/CodeIgniter.php(896): App\Controllers\DataAdmin->cetak()
 8 SYSTEMPATH/CodeIgniter.php(466): CodeIgniter\CodeIgniter->runController()
 9 SYSTEMPATH/CodeIgniter.php(349): CodeIgniter\CodeIgniter->handleRequest()
10 FCPATH/index.php(55): CodeIgniter\CodeIgniter->run()
11 SYSTEMPATH/Commands/Server/rewrite.php(43): require_once('FCPATH/index.php')
CRITICAL - 2022-09-30 04:03:56 --> Call to undefined function proses_action_cetak()
in APPPATH/Views/admin/data_admin/cetak.php on line 26.
 1 SYSTEMPATH/View/View.php(213): include()
 2 SYSTEMPATH/View/View.php(216): CodeIgniter\View\View->CodeIgniter\View\{closure}()
 3 SYSTEMPATH/Common.php(1135): CodeIgniter\View\View->render()
 4 APPPATH/Controllers/DataAdmin.php(79): view()
 5 SYSTEMPATH/CodeIgniter.php(896): App\Controllers\DataAdmin->cetak()
 6 SYSTEMPATH/CodeIgniter.php(466): CodeIgniter\CodeIgniter->runController()
 7 SYSTEMPATH/CodeIgniter.php(349): CodeIgniter\CodeIgniter->handleRequest()
 8 FCPATH/index.php(55): CodeIgniter\CodeIgniter->run()
 9 SYSTEMPATH/Commands/Server/rewrite.php(43): require_once('FCPATH/index.php')
CRITICAL - 2022-09-30 04:11:29 --> include(../../../include/function/session.php): failed to open stream: No such file or directory
in APPPATH/RCore/BridgeAll.php on line 19.
 1 APPPATH/RCore/BridgeAll.php(19): CodeIgniter\Debug\Exceptions->errorHandler()
 2 APPPATH/RCore/BridgeAll.php(19): include()
 3 APPPATH/Views/admin/data_admin/cetak.php(26): proses_action_cetak()
 4 SYSTEMPATH/View/View.php(213): include('APPPATH/Views/admin/data_admin/cetak.php')
 5 SYSTEMPATH/View/View.php(216): CodeIgniter\View\View->CodeIgniter\View\{closure}()
 6 SYSTEMPATH/Common.php(1135): CodeIgniter\View\View->render()
 7 APPPATH/Controllers/DataAdmin.php(79): view()
 8 SYSTEMPATH/CodeIgniter.php(896): App\Controllers\DataAdmin->cetak()
 9 SYSTEMPATH/CodeIgniter.php(466): CodeIgniter\CodeIgniter->runController()
10 SYSTEMPATH/CodeIgniter.php(349): CodeIgniter\CodeIgniter->handleRequest()
11 FCPATH/index.php(55): CodeIgniter\CodeIgniter->run()
12 SYSTEMPATH/Commands/Server/rewrite.php(43): require_once('FCPATH/index.php')
CRITICAL - 2022-09-30 04:11:49 --> Undefined variable: logo_laporan1
in APPPATH/Views/admin/data_admin/cetak.php on line 41.
 1 APPPATH/Views/admin/data_admin/cetak.php(41): CodeIgniter\Debug\Exceptions->errorHandler()
 2 SYSTEMPATH/View/View.php(213): include('APPPATH/Views/admin/data_admin/cetak.php')
 3 SYSTEMPATH/View/View.php(216): CodeIgniter\View\View->CodeIgniter\View\{closure}()
 4 SYSTEMPATH/Common.php(1135): CodeIgniter\View\View->render()
 5 APPPATH/Controllers/DataAdmin.php(79): view()
 6 SYSTEMPATH/CodeIgniter.php(896): App\Controllers\DataAdmin->cetak()
 7 SYSTEMPATH/CodeIgniter.php(466): CodeIgniter\CodeIgniter->runController()
 8 SYSTEMPATH/CodeIgniter.php(349): CodeIgniter\CodeIgniter->handleRequest()
 9 FCPATH/index.php(55): CodeIgniter\CodeIgniter->run()
10 SYSTEMPATH/Commands/Server/rewrite.php(43): require_once('FCPATH/index.php')
CRITICAL - 2022-09-30 04:13:14 --> Undefined variable: judul
in APPPATH/Views/admin/data_admin/cetak.php on line 45.
 1 APPPATH/Views/admin/data_admin/cetak.php(45): CodeIgniter\Debug\Exceptions->errorHandler()
 2 SYSTEMPATH/View/View.php(213): include('APPPATH/Views/admin/data_admin/cetak.php')
 3 SYSTEMPATH/View/View.php(216): CodeIgniter\View\View->CodeIgniter\View\{closure}()
 4 SYSTEMPATH/Common.php(1135): CodeIgniter\View\View->render()
 5 APPPATH/Controllers/DataAdmin.php(79): view()
 6 SYSTEMPATH/CodeIgniter.php(896): App\Controllers\DataAdmin->cetak()
 7 SYSTEMPATH/CodeIgniter.php(466): CodeIgniter\CodeIgniter->runController()
 8 SYSTEMPATH/CodeIgniter.php(349): CodeIgniter\CodeIgniter->handleRequest()
 9 FCPATH/index.php(55): CodeIgniter\CodeIgniter->run()
10 SYSTEMPATH/Commands/Server/rewrite.php(43): require_once('FCPATH/index.php')
CRITICAL - 2022-09-30 04:13:56 --> Undefined variable: alamat
in APPPATH/Views/admin/data_admin/cetak.php on line 73.
 1 APPPATH/Views/admin/data_admin/cetak.php(73): CodeIgniter\Debug\Exceptions->errorHandler()
 2 SYSTEMPATH/View/View.php(213): include('APPPATH/Views/admin/data_admin/cetak.php')
 3 SYSTEMPATH/View/View.php(216): CodeIgniter\View\View->CodeIgniter\View\{closure}()
 4 SYSTEMPATH/Common.php(1135): CodeIgniter\View\View->render()
 5 APPPATH/Controllers/DataAdmin.php(79): view()
 6 SYSTEMPATH/CodeIgniter.php(896): App\Controllers\DataAdmin->cetak()
 7 SYSTEMPATH/CodeIgniter.php(466): CodeIgniter\CodeIgniter->runController()
 8 SYSTEMPATH/CodeIgniter.php(349): CodeIgniter\CodeIgniter->handleRequest()
 9 FCPATH/index.php(55): CodeIgniter\CodeIgniter->run()
10 SYSTEMPATH/Commands/Server/rewrite.php(43): require_once('FCPATH/index.php')
CRITICAL - 2022-09-30 04:14:18 --> Call to undefined function mysql_query()
in APPPATH/Views/admin/data_admin/cetak.php on line 112.
 1 SYSTEMPATH/View/View.php(213): include()
 2 SYSTEMPATH/View/View.php(216): CodeIgniter\View\View->CodeIgniter\View\{closure}()
 3 SYSTEMPATH/Common.php(1135): CodeIgniter\View\View->render()
 4 APPPATH/Controllers/DataAdmin.php(79): view()
 5 SYSTEMPATH/CodeIgniter.php(896): App\Controllers\DataAdmin->cetak()
 6 SYSTEMPATH/CodeIgniter.php(466): CodeIgniter\CodeIgniter->runController()
 7 SYSTEMPATH/CodeIgniter.php(349): CodeIgniter\CodeIgniter->handleRequest()
 8 FCPATH/index.php(55): CodeIgniter\CodeIgniter->run()
 9 SYSTEMPATH/Commands/Server/rewrite.php(43): require_once('FCPATH/index.php')
CRITICAL - 2022-09-30 04:15:18 --> Undefined variable: datas
in APPPATH/Views/admin/data_admin/cetak.php on line 118.
 1 APPPATH/Views/admin/data_admin/cetak.php(118): CodeIgniter\Debug\Exceptions->errorHandler()
 2 SYSTEMPATH/View/View.php(213): include('APPPATH/Views/admin/data_admin/cetak.php')
 3 SYSTEMPATH/View/View.php(216): CodeIgniter\View\View->CodeIgniter\View\{closure}()
 4 SYSTEMPATH/Common.php(1135): CodeIgniter\View\View->render()
 5 APPPATH/Controllers/DataAdmin.php(79): view()
 6 SYSTEMPATH/CodeIgniter.php(896): App\Controllers\DataAdmin->cetak()
 7 SYSTEMPATH/CodeIgniter.php(466): CodeIgniter\CodeIgniter->runController()
 8 SYSTEMPATH/CodeIgniter.php(349): CodeIgniter\CodeIgniter->handleRequest()
 9 FCPATH/index.php(55): CodeIgniter\CodeIgniter->run()
10 SYSTEMPATH/Commands/Server/rewrite.php(43): require_once('FCPATH/index.php')
CRITICAL - 2022-09-30 04:18:59 --> Undefined variable: formatwaktu
in APPPATH/Views/admin/data_admin/cetak.php on line 136.
 1 APPPATH/Views/admin/data_admin/cetak.php(136): CodeIgniter\Debug\Exceptions->errorHandler()
 2 SYSTEMPATH/View/View.php(213): include('APPPATH/Views/admin/data_admin/cetak.php')
 3 SYSTEMPATH/View/View.php(216): CodeIgniter\View\View->CodeIgniter\View\{closure}()
 4 SYSTEMPATH/Common.php(1135): CodeIgniter\View\View->render()
 5 APPPATH/Controllers/DataAdmin.php(86): view()
 6 SYSTEMPATH/CodeIgniter.php(896): App\Controllers\DataAdmin->cetak()
 7 SYSTEMPATH/CodeIgniter.php(466): CodeIgniter\CodeIgniter->runController()
 8 SYSTEMPATH/CodeIgniter.php(349): CodeIgniter\CodeIgniter->handleRequest()
 9 FCPATH/index.php(55): CodeIgniter\CodeIgniter->run()
10 SYSTEMPATH/Commands/Server/rewrite.php(43): require_once('FCPATH/index.php')
CRITICAL - 2022-09-30 04:22:05 --> Undefined variable: ttd
in APPPATH/Views/admin/data_admin/cetak.php on line 138.
 1 APPPATH/Views/admin/data_admin/cetak.php(138): CodeIgniter\Debug\Exceptions->errorHandler()
 2 SYSTEMPATH/View/View.php(213): include('APPPATH/Views/admin/data_admin/cetak.php')
 3 SYSTEMPATH/View/View.php(216): CodeIgniter\View\View->CodeIgniter\View\{closure}()
 4 SYSTEMPATH/Common.php(1135): CodeIgniter\View\View->render()
 5 APPPATH/Controllers/DataAdmin.php(86): view()
 6 SYSTEMPATH/CodeIgniter.php(896): App\Controllers\DataAdmin->cetak()
 7 SYSTEMPATH/CodeIgniter.php(466): CodeIgniter\CodeIgniter->runController()
 8 SYSTEMPATH/CodeIgniter.php(349): CodeIgniter\CodeIgniter->handleRequest()
 9 FCPATH/index.php(55): CodeIgniter\CodeIgniter->run()
10 SYSTEMPATH/Commands/Server/rewrite.php(43): require_once('FCPATH/index.php')
CRITICAL - 2022-09-30 04:24:50 --> Call to undefined function proses_action_cetak()
in APPPATH/Views/admin/data_admin/cetak.php on line 18.
 1 SYSTEMPATH/View/View.php(213): include()
 2 SYSTEMPATH/View/View.php(216): CodeIgniter\View\View->CodeIgniter\View\{closure}()
 3 SYSTEMPATH/Common.php(1135): CodeIgniter\View\View->render()
 4 APPPATH/Controllers/DataAdmin.php(86): view()
 5 SYSTEMPATH/CodeIgniter.php(896): App\Controllers\DataAdmin->cetak()
 6 SYSTEMPATH/CodeIgniter.php(466): CodeIgniter\CodeIgniter->runController()
 7 SYSTEMPATH/CodeIgniter.php(349): CodeIgniter\CodeIgniter->handleRequest()
 8 FCPATH/index.php(55): CodeIgniter\CodeIgniter->run()
 9 SYSTEMPATH/Commands/Server/rewrite.php(43): require_once('FCPATH/index.php')
CRITICAL - 2022-09-30 04:26:29 --> Undefined index: nama
in APPPATH/Views/admin/data_admin/cetak.php on line 118.
 1 APPPATH/Views/admin/data_admin/cetak.php(118): CodeIgniter\Debug\Exceptions->errorHandler()
 2 SYSTEMPATH/View/View.php(213): include('APPPATH/Views/admin/data_admin/cetak.php')
 3 SYSTEMPATH/View/View.php(216): CodeIgniter\View\View->CodeIgniter\View\{closure}()
 4 SYSTEMPATH/Common.php(1135): CodeIgniter\View\View->render()
 5 APPPATH/Controllers/DataAdmin.php(87): view()
 6 SYSTEMPATH/CodeIgniter.php(896): App\Controllers\DataAdmin->cetak()
 7 SYSTEMPATH/CodeIgniter.php(466): CodeIgniter\CodeIgniter->runController()
 8 SYSTEMPATH/CodeIgniter.php(349): CodeIgniter\CodeIgniter->handleRequest()
 9 FCPATH/index.php(55): CodeIgniter\CodeIgniter->run()
10 SYSTEMPATH/Commands/Server/rewrite.php(43): require_once('FCPATH/index.php')
CRITICAL - 2022-09-30 04:28:31 --> Trying to get property 'id_admin' of non-object
in APPPATH/Views/admin/data_admin/cetak.php on line 117.
 1 APPPATH/Views/admin/data_admin/cetak.php(117): CodeIgniter\Debug\Exceptions->errorHandler()
 2 SYSTEMPATH/View/View.php(213): include('APPPATH/Views/admin/data_admin/cetak.php')
 3 SYSTEMPATH/View/View.php(216): CodeIgniter\View\View->CodeIgniter\View\{closure}()
 4 SYSTEMPATH/Common.php(1135): CodeIgniter\View\View->render()
 5 APPPATH/Controllers/DataAdmin.php(87): view()
 6 SYSTEMPATH/CodeIgniter.php(896): App\Controllers\DataAdmin->cetak()
 7 SYSTEMPATH/CodeIgniter.php(466): CodeIgniter\CodeIgniter->runController()
 8 SYSTEMPATH/CodeIgniter.php(349): CodeIgniter\CodeIgniter->handleRequest()
 9 FCPATH/index.php(55): CodeIgniter\CodeIgniter->run()
10 SYSTEMPATH/Commands/Server/rewrite.php(43): require_once('FCPATH/index.php')
CRITICAL - 2022-09-30 04:28:56 --> Trying to get property 'username' of non-object
in APPPATH/Views/admin/data_admin/cetak.php on line 117.
 1 APPPATH/Views/admin/data_admin/cetak.php(117): CodeIgniter\Debug\Exceptions->errorHandler()
 2 SYSTEMPATH/View/View.php(213): include('APPPATH/Views/admin/data_admin/cetak.php')
 3 SYSTEMPATH/View/View.php(216): CodeIgniter\View\View->CodeIgniter\View\{closure}()
 4 SYSTEMPATH/Common.php(1135): CodeIgniter\View\View->render()
 5 APPPATH/Controllers/DataAdmin.php(87): view()
 6 SYSTEMPATH/CodeIgniter.php(896): App\Controllers\DataAdmin->cetak()
 7 SYSTEMPATH/CodeIgniter.php(466): CodeIgniter\CodeIgniter->runController()
 8 SYSTEMPATH/CodeIgniter.php(349): CodeIgniter\CodeIgniter->handleRequest()
 9 FCPATH/index.php(55): CodeIgniter\CodeIgniter->run()
10 SYSTEMPATH/Commands/Server/rewrite.php(43): require_once('FCPATH/index.php')
CRITICAL - 2022-09-30 04:29:15 --> Undefined index: nama
in APPPATH/Views/admin/data_admin/cetak.php on line 118.
 1 APPPATH/Views/admin/data_admin/cetak.php(118): CodeIgniter\Debug\Exceptions->errorHandler()
 2 SYSTEMPATH/View/View.php(213): include('APPPATH/Views/admin/data_admin/cetak.php')
 3 SYSTEMPATH/View/View.php(216): CodeIgniter\View\View->CodeIgniter\View\{closure}()
 4 SYSTEMPATH/Common.php(1135): CodeIgniter\View\View->render()
 5 APPPATH/Controllers/DataAdmin.php(87): view()
 6 SYSTEMPATH/CodeIgniter.php(896): App\Controllers\DataAdmin->cetak()
 7 SYSTEMPATH/CodeIgniter.php(466): CodeIgniter\CodeIgniter->runController()
 8 SYSTEMPATH/CodeIgniter.php(349): CodeIgniter\CodeIgniter->handleRequest()
 9 FCPATH/index.php(55): CodeIgniter\CodeIgniter->run()
10 SYSTEMPATH/Commands/Server/rewrite.php(43): require_once('FCPATH/index.php')
CRITICAL - 2022-09-30 04:29:42 --> Call to undefined function tabelnomin()
in APPPATH/Views/admin/data_admin/cetak.php on line 7.
 1 SYSTEMPATH/View/View.php(213): include()
 2 SYSTEMPATH/View/View.php(216): CodeIgniter\View\View->CodeIgniter\View\{closure}()
 3 SYSTEMPATH/Common.php(1135): CodeIgniter\View\View->render()
 4 APPPATH/Controllers/DataAdmin.php(87): view()
 5 SYSTEMPATH/CodeIgniter.php(896): App\Controllers\DataAdmin->cetak()
 6 SYSTEMPATH/CodeIgniter.php(466): CodeIgniter\CodeIgniter->runController()
 7 SYSTEMPATH/CodeIgniter.php(349): CodeIgniter\CodeIgniter->handleRequest()
 8 FCPATH/index.php(55): CodeIgniter\CodeIgniter->run()
 9 SYSTEMPATH/Commands/Server/rewrite.php(43): require_once('FCPATH/index.php')
CRITICAL - 2022-09-30 20:48:24 --> Call to undefined function tabelnomin()
in APPPATH/Views/admin/data_admin/cetak.php on line 7.
 1 SYSTEMPATH/View/View.php(213): include()
 2 SYSTEMPATH/View/View.php(216): CodeIgniter\View\View->CodeIgniter\View\{closure}()
 3 SYSTEMPATH/Common.php(1135): CodeIgniter\View\View->render()
 4 APPPATH/Controllers/DataAdmin.php(87): view()
 5 SYSTEMPATH/CodeIgniter.php(896): App\Controllers\DataAdmin->cetak()
 6 SYSTEMPATH/CodeIgniter.php(466): CodeIgniter\CodeIgniter->runController()
 7 SYSTEMPATH/CodeIgniter.php(349): CodeIgniter\CodeIgniter->handleRequest()
 8 FCPATH/index.php(55): CodeIgniter\CodeIgniter->run()
 9 SYSTEMPATH/Commands/Server/rewrite.php(43): require_once('FCPATH/index.php')
CRITICAL - 2022-09-30 20:49:51 --> Undefined property: CodeIgniter\View\View::$tabelnomin
in APPPATH/Views/admin/data_admin/cetak.php on line 7.
 1 APPPATH/Views/admin/data_admin/cetak.php(7): CodeIgniter\Debug\Exceptions->errorHandler()
 2 SYSTEMPATH/View/View.php(213): include('APPPATH/Views/admin/data_admin/cetak.php')
 3 SYSTEMPATH/View/View.php(216): CodeIgniter\View\View->CodeIgniter\View\{closure}()
 4 SYSTEMPATH/Common.php(1135): CodeIgniter\View\View->render()
 5 APPPATH/Controllers/DataAdmin.php(87): view()
 6 SYSTEMPATH/CodeIgniter.php(896): App\Controllers\DataAdmin->cetak()
 7 SYSTEMPATH/CodeIgniter.php(466): CodeIgniter\CodeIgniter->runController()
 8 SYSTEMPATH/CodeIgniter.php(349): CodeIgniter\CodeIgniter->handleRequest()
 9 FCPATH/index.php(55): CodeIgniter\CodeIgniter->run()
10 SYSTEMPATH/Commands/Server/rewrite.php(43): require_once('FCPATH/index.php')
CRITICAL - 2022-09-30 20:54:03 --> Call to undefined function action_cetak()
in APPPATH/Views/admin/data_admin/cetak.php on line 13.
 1 SYSTEMPATH/View/View.php(213): include()
 2 SYSTEMPATH/View/View.php(216): CodeIgniter\View\View->CodeIgniter\View\{closure}()
 3 SYSTEMPATH/Common.php(1135): CodeIgniter\View\View->render()
 4 APPPATH/Controllers/DataAdmin.php(91): view()
 5 SYSTEMPATH/CodeIgniter.php(896): App\Controllers\DataAdmin->cetak()
 6 SYSTEMPATH/CodeIgniter.php(466): CodeIgniter\CodeIgniter->runController()
 7 SYSTEMPATH/CodeIgniter.php(349): CodeIgniter\CodeIgniter->handleRequest()
 8 FCPATH/index.php(55): CodeIgniter\CodeIgniter->run()
 9 SYSTEMPATH/Commands/Server/rewrite.php(43): require_once('FCPATH/index.php')
CRITICAL - 2022-09-30 20:55:01 --> Call to undefined function btn_preview_laporan()
in APPPATH/RCore/BridgeAll.php on line 40.
 1 APPPATH/Views/admin/data_admin/cetak.php(13): action_cetak()
 2 SYSTEMPATH/View/View.php(213): include('APPPATH/Views/admin/data_admin/cetak.php')
 3 SYSTEMPATH/View/View.php(216): CodeIgniter\View\View->CodeIgniter\View\{closure}()
 4 SYSTEMPATH/Common.php(1135): CodeIgniter\View\View->render()
 5 APPPATH/Controllers/DataAdmin.php(91): view()
 6 SYSTEMPATH/CodeIgniter.php(896): App\Controllers\DataAdmin->cetak()
 7 SYSTEMPATH/CodeIgniter.php(466): CodeIgniter\CodeIgniter->runController()
 8 SYSTEMPATH/CodeIgniter.php(349): CodeIgniter\CodeIgniter->handleRequest()
 9 FCPATH/index.php(55): CodeIgniter\CodeIgniter->run()
10 SYSTEMPATH/Commands/Server/rewrite.php(43): require_once('FCPATH/index.php')
CRITICAL - 2022-09-30 20:55:21 --> Call to undefined function mysql_query()
in APPPATH/RCore/BridgeAll.php on line 69.
 1 APPPATH/Views/admin/data_admin/cetak.php(14): action_cetak()
 2 SYSTEMPATH/View/View.php(213): include('APPPATH/Views/admin/data_admin/cetak.php')
 3 SYSTEMPATH/View/View.php(216): CodeIgniter\View\View->CodeIgniter\View\{closure}()
 4 SYSTEMPATH/Common.php(1135): CodeIgniter\View\View->render()
 5 APPPATH/Controllers/DataAdmin.php(91): view()
 6 SYSTEMPATH/CodeIgniter.php(896): App\Controllers\DataAdmin->cetak()
 7 SYSTEMPATH/CodeIgniter.php(466): CodeIgniter\CodeIgniter->runController()
 8 SYSTEMPATH/CodeIgniter.php(349): CodeIgniter\CodeIgniter->handleRequest()
 9 FCPATH/index.php(55): CodeIgniter\CodeIgniter->run()
10 SYSTEMPATH/Commands/Server/rewrite.php(43): require_once('FCPATH/index.php')
CRITICAL - 2022-09-30 20:58:28 --> Call to undefined function mysql_query()
in APPPATH/RCore/BridgeAll.php on line 69.
 1 APPPATH/Views/admin/data_admin/cetak.php(14): action_cetak()
 2 SYSTEMPATH/View/View.php(213): include('APPPATH/Views/admin/data_admin/cetak.php')
 3 SYSTEMPATH/View/View.php(216): CodeIgniter\View\View->CodeIgniter\View\{closure}()
 4 SYSTEMPATH/Common.php(1135): CodeIgniter\View\View->render()
 5 APPPATH/Controllers/DataAdmin.php(91): view()
 6 SYSTEMPATH/CodeIgniter.php(896): App\Controllers\DataAdmin->cetak()
 7 SYSTEMPATH/CodeIgniter.php(466): CodeIgniter\CodeIgniter->runController()
 8 SYSTEMPATH/CodeIgniter.php(349): CodeIgniter\CodeIgniter->handleRequest()
 9 FCPATH/index.php(55): CodeIgniter\CodeIgniter->run()
10 SYSTEMPATH/Commands/Server/rewrite.php(43): require_once('FCPATH/index.php')
CRITICAL - 2022-09-30 20:58:31 --> Call to undefined function mysql_query()
in APPPATH/RCore/BridgeAll.php on line 69.
 1 APPPATH/Views/admin/data_admin/cetak.php(14): action_cetak()
 2 SYSTEMPATH/View/View.php(213): include('APPPATH/Views/admin/data_admin/cetak.php')
 3 SYSTEMPATH/View/View.php(216): CodeIgniter\View\View->CodeIgniter\View\{closure}()
 4 SYSTEMPATH/Common.php(1135): CodeIgniter\View\View->render()
 5 APPPATH/Controllers/DataAdmin.php(91): view()
 6 SYSTEMPATH/CodeIgniter.php(896): App\Controllers\DataAdmin->cetak()
 7 SYSTEMPATH/CodeIgniter.php(466): CodeIgniter\CodeIgniter->runController()
 8 SYSTEMPATH/CodeIgniter.php(349): CodeIgniter\CodeIgniter->handleRequest()
 9 FCPATH/index.php(55): CodeIgniter\CodeIgniter->run()
10 SYSTEMPATH/Commands/Server/rewrite.php(43): require_once('FCPATH/index.php')
CRITICAL - 2022-09-30 20:58:49 --> Trying to access array offset on value of type null
in APPPATH/RCore/BridgeAll.php on line 72.
 1 APPPATH/RCore/BridgeAll.php(72): CodeIgniter\Debug\Exceptions->errorHandler()
 2 APPPATH/Views/admin/data_admin/cetak.php(14): action_cetak()
 3 SYSTEMPATH/View/View.php(213): include('APPPATH/Views/admin/data_admin/cetak.php')
 4 SYSTEMPATH/View/View.php(216): CodeIgniter\View\View->CodeIgniter\View\{closure}()
 5 SYSTEMPATH/Common.php(1135): CodeIgniter\View\View->render()
 6 APPPATH/Controllers/DataAdmin.php(91): view()
 7 SYSTEMPATH/CodeIgniter.php(896): App\Controllers\DataAdmin->cetak()
 8 SYSTEMPATH/CodeIgniter.php(466): CodeIgniter\CodeIgniter->runController()
 9 SYSTEMPATH/CodeIgniter.php(349): CodeIgniter\CodeIgniter->handleRequest()
10 FCPATH/index.php(55): CodeIgniter\CodeIgniter->run()
11 SYSTEMPATH/Commands/Server/rewrite.php(43): require_once('FCPATH/index.php')
CRITICAL - 2022-09-30 20:59:06 --> Trying to access array offset on value of type null
in APPPATH/RCore/BridgeAll.php on line 73.
 1 APPPATH/RCore/BridgeAll.php(73): CodeIgniter\Debug\Exceptions->errorHandler()
 2 APPPATH/Views/admin/data_admin/cetak.php(14): action_cetak()
 3 SYSTEMPATH/View/View.php(213): include('APPPATH/Views/admin/data_admin/cetak.php')
 4 SYSTEMPATH/View/View.php(216): CodeIgniter\View\View->CodeIgniter\View\{closure}()
 5 SYSTEMPATH/Common.php(1135): CodeIgniter\View\View->render()
 6 APPPATH/Controllers/DataAdmin.php(91): view()
 7 SYSTEMPATH/CodeIgniter.php(896): App\Controllers\DataAdmin->cetak()
 8 SYSTEMPATH/CodeIgniter.php(466): CodeIgniter\CodeIgniter->runController()
 9 SYSTEMPATH/CodeIgniter.php(349): CodeIgniter\CodeIgniter->handleRequest()
10 FCPATH/index.php(55): CodeIgniter\CodeIgniter->run()
11 SYSTEMPATH/Commands/Server/rewrite.php(43): require_once('FCPATH/index.php')
CRITICAL - 2022-09-30 20:59:55 --> Trying to access array offset on value of type null
in APPPATH/RCore/BridgeAll.php on line 108.
 1 APPPATH/RCore/BridgeAll.php(108): CodeIgniter\Debug\Exceptions->errorHandler()
 2 APPPATH/Views/admin/data_admin/cetak.php(14): action_cetak()
 3 SYSTEMPATH/View/View.php(213): include('APPPATH/Views/admin/data_admin/cetak.php')
 4 SYSTEMPATH/View/View.php(216): CodeIgniter\View\View->CodeIgniter\View\{closure}()
 5 SYSTEMPATH/Common.php(1135): CodeIgniter\View\View->render()
 6 APPPATH/Controllers/DataAdmin.php(91): view()
 7 SYSTEMPATH/CodeIgniter.php(896): App\Controllers\DataAdmin->cetak()
 8 SYSTEMPATH/CodeIgniter.php(466): CodeIgniter\CodeIgniter->runController()
 9 SYSTEMPATH/CodeIgniter.php(349): CodeIgniter\CodeIgniter->handleRequest()
10 FCPATH/index.php(55): CodeIgniter\CodeIgniter->run()
11 SYSTEMPATH/Commands/Server/rewrite.php(43): require_once('FCPATH/index.php')
CRITICAL - 2022-09-30 21:01:14 --> Undefined offset: 1
in APPPATH/RCore/BridgeAll.php on line 108.
 1 APPPATH/RCore/BridgeAll.php(108): CodeIgniter\Debug\Exceptions->errorHandler()
 2 APPPATH/Views/admin/data_admin/cetak.php(14): action_cetak()
 3 SYSTEMPATH/View/View.php(213): include('APPPATH/Views/admin/data_admin/cetak.php')
 4 SYSTEMPATH/View/View.php(216): CodeIgniter\View\View->CodeIgniter\View\{closure}()
 5 SYSTEMPATH/Common.php(1135): CodeIgniter\View\View->render()
 6 APPPATH/Controllers/DataAdmin.php(91): view()
 7 SYSTEMPATH/CodeIgniter.php(896): App\Controllers\DataAdmin->cetak()
 8 SYSTEMPATH/CodeIgniter.php(466): CodeIgniter\CodeIgniter->runController()
 9 SYSTEMPATH/CodeIgniter.php(349): CodeIgniter\CodeIgniter->handleRequest()
10 FCPATH/index.php(55): CodeIgniter\CodeIgniter->run()
11 SYSTEMPATH/Commands/Server/rewrite.php(43): require_once('FCPATH/index.php')
CRITICAL - 2022-09-30 21:01:17 --> Undefined offset: 1
in APPPATH/RCore/BridgeAll.php on line 108.
 1 APPPATH/RCore/BridgeAll.php(108): CodeIgniter\Debug\Exceptions->errorHandler()
 2 APPPATH/Views/admin/data_admin/cetak.php(14): action_cetak()
 3 SYSTEMPATH/View/View.php(213): include('APPPATH/Views/admin/data_admin/cetak.php')
 4 SYSTEMPATH/View/View.php(216): CodeIgniter\View\View->CodeIgniter\View\{closure}()
 5 SYSTEMPATH/Common.php(1135): CodeIgniter\View\View->render()
 6 APPPATH/Controllers/DataAdmin.php(91): view()
 7 SYSTEMPATH/CodeIgniter.php(896): App\Controllers\DataAdmin->cetak()
 8 SYSTEMPATH/CodeIgniter.php(466): CodeIgniter\CodeIgniter->runController()
 9 SYSTEMPATH/CodeIgniter.php(349): CodeIgniter\CodeIgniter->handleRequest()
10 FCPATH/index.php(55): CodeIgniter\CodeIgniter->run()
11 SYSTEMPATH/Commands/Server/rewrite.php(43): require_once('FCPATH/index.php')
CRITICAL - 2022-09-30 21:04:04 --> Cannot redeclare btn_tambah() (previously declared in /mnt/CED40BDFD40BC8A3/xampp/htdocs/r/crud_ci/app/RCore/BridgeView.php:3)
in APPPATH/RCore/BridgeView.php on line 3.
 1 [internal function]: CodeIgniter\Debug\Exceptions->shutdownHandler()
CRITICAL - 2022-09-30 21:29:49 --> Class 'App\Controllers\admin\BaseController' not found
in APPPATH/Controllers/admin/DataAdmin.php on line 7.
 1 SYSTEMPATH/Autoloader/Autoloader.php(284): include_once()
 2 SYSTEMPATH/Autoloader/Autoloader.php(261): CodeIgniter\Autoloader\Autoloader->includeFile()
 3 SYSTEMPATH/Autoloader/Autoloader.php(239): CodeIgniter\Autoloader\Autoloader->loadInNamespace()
 4 [internal function]: CodeIgniter\Autoloader\Autoloader->loadClass()
 5 [internal function]: spl_autoload_call()
 6 SYSTEMPATH/CodeIgniter.php(846): class_exists()
 7 SYSTEMPATH/CodeIgniter.php(453): CodeIgniter\CodeIgniter->startController()
 8 SYSTEMPATH/CodeIgniter.php(349): CodeIgniter\CodeIgniter->handleRequest()
 9 FCPATH/index.php(55): CodeIgniter\CodeIgniter->run()
10 SYSTEMPATH/Commands/Server/rewrite.php(43): require_once('FCPATH/index.php')
CRITICAL - 2022-09-30 21:30:54 --> Undefined index: nama
in APPPATH/Views/admin/data_admin/detail.php on line 48.
 1 APPPATH/Views/admin/data_admin/detail.php(48): CodeIgniter\Debug\Exceptions->errorHandler()
 2 SYSTEMPATH/View/View.php(213): include('APPPATH/Views/admin/data_admin/detail.php')
 3 SYSTEMPATH/View/View.php(216): CodeIgniter\View\View->CodeIgniter\View\{closure}()
 4 SYSTEMPATH/Common.php(1135): CodeIgniter\View\View->render()
 5 APPPATH/Controllers/admin/DataAdmin.php(132): view()
 6 SYSTEMPATH/CodeIgniter.php(896): App\Controllers\admin\DataAdmin->detail()
 7 SYSTEMPATH/CodeIgniter.php(466): CodeIgniter\CodeIgniter->runController()
 8 SYSTEMPATH/CodeIgniter.php(349): CodeIgniter\CodeIgniter->handleRequest()
 9 FCPATH/index.php(55): CodeIgniter\CodeIgniter->run()
10 SYSTEMPATH/Commands/Server/rewrite.php(43): require_once('FCPATH/index.php')
CRITICAL - 2022-09-30 21:31:27 --> Undefined index: nama
in APPPATH/Views/admin/data_admin/detail.php on line 48.
 1 APPPATH/Views/admin/data_admin/detail.php(48): CodeIgniter\Debug\Exceptions->errorHandler()
 2 SYSTEMPATH/View/View.php(213): include('APPPATH/Views/admin/data_admin/detail.php')
 3 SYSTEMPATH/View/View.php(216): CodeIgniter\View\View->CodeIgniter\View\{closure}()
 4 SYSTEMPATH/Common.php(1135): CodeIgniter\View\View->render()
 5 APPPATH/Controllers/admin/DataAdmin.php(132): view()
 6 SYSTEMPATH/CodeIgniter.php(896): App\Controllers\admin\DataAdmin->detail()
 7 SYSTEMPATH/CodeIgniter.php(466): CodeIgniter\CodeIgniter->runController()
 8 SYSTEMPATH/CodeIgniter.php(349): CodeIgniter\CodeIgniter->handleRequest()
 9 FCPATH/index.php(55): CodeIgniter\CodeIgniter->run()
10 SYSTEMPATH/Commands/Server/rewrite.php(43): require_once('FCPATH/index.php')
CRITICAL - 2022-09-30 23:49:27 --> Trying to access array offset on value of type null
in APPPATH/Views/admin/data_admin/cetak.php on line 123.
 1 APPPATH/Views/admin/data_admin/cetak.php(123): CodeIgniter\Debug\Exceptions->errorHandler()
 2 SYSTEMPATH/View/View.php(213): include('APPPATH/Views/admin/data_admin/cetak.php')
 3 SYSTEMPATH/View/View.php(216): CodeIgniter\View\View->CodeIgniter\View\{closure}()
 4 SYSTEMPATH/Common.php(1135): CodeIgniter\View\View->render()
 5 APPPATH/Controllers/admin/DataAdmin.php(82): view()
 6 SYSTEMPATH/CodeIgniter.php(896): App\Controllers\admin\DataAdmin->cetak()
 7 SYSTEMPATH/CodeIgniter.php(466): CodeIgniter\CodeIgniter->runController()
 8 SYSTEMPATH/CodeIgniter.php(349): CodeIgniter\CodeIgniter->handleRequest()
 9 FCPATH/index.php(55): CodeIgniter\CodeIgniter->run()
10 SYSTEMPATH/Commands/Server/rewrite.php(43): require_once('FCPATH/index.php')
CRITICAL - 2022-09-30 23:50:03 --> Trying to access array offset on value of type null
in APPPATH/Views/admin/data_admin/cetak.php on line 123.
 1 APPPATH/Views/admin/data_admin/cetak.php(123): CodeIgniter\Debug\Exceptions->errorHandler()
 2 SYSTEMPATH/View/View.php(213): include('APPPATH/Views/admin/data_admin/cetak.php')
 3 SYSTEMPATH/View/View.php(216): CodeIgniter\View\View->CodeIgniter\View\{closure}()
 4 SYSTEMPATH/Common.php(1135): CodeIgniter\View\View->render()
 5 APPPATH/Controllers/admin/DataAdmin.php(82): view()
 6 SYSTEMPATH/CodeIgniter.php(896): App\Controllers\admin\DataAdmin->cetak()
 7 SYSTEMPATH/CodeIgniter.php(466): CodeIgniter\CodeIgniter->runController()
 8 SYSTEMPATH/CodeIgniter.php(349): CodeIgniter\CodeIgniter->handleRequest()
 9 FCPATH/index.php(55): CodeIgniter\CodeIgniter->run()
10 SYSTEMPATH/Commands/Server/rewrite.php(43): require_once('FCPATH/index.php')
