CRITICAL - 2022-08-01 23:15:51 --> Undefined variable: judul
in APPPATH/Views/tmp/superial/index.php on line 64.
 1 APPPATH/Views/tmp/superial/index.php(64): CodeIgniter\Debug\Exceptions->errorHandler()
 2 SYSTEMPATH/View/View.php(213): include('APPPATH/Views/tmp/superial/index.php')
 3 SYSTEMPATH/View/View.php(216): CodeIgniter\View\View->CodeIgniter\View\{closure}()
 4 SYSTEMPATH/View/View.php(229): CodeIgniter\View\View->render()
 5 SYSTEMPATH/Common.php(1135): CodeIgniter\View\View->render()
 6 APPPATH/Controllers/DataAdmin.php(21): view()
 7 SYSTEMPATH/CodeIgniter.php(896): App\Controllers\DataAdmin->index()
 8 SYSTEMPATH/CodeIgniter.php(466): CodeIgniter\CodeIgniter->runController()
 9 SYSTEMPATH/CodeIgniter.php(349): CodeIgniter\CodeIgniter->handleRequest()
10 FCPATH/index.php(55): CodeIgniter\CodeIgniter->run()
11 SYSTEMPATH/Commands/Server/rewrite.php(43): require_once('FCPATH/index.php')
CRITICAL - 2022-08-01 23:17:03 --> String could not be parsed as XML
in APPPATH/Views/tmp/superial/index.php on line 129.
 1 APPPATH/Views/tmp/superial/index.php(129): SimpleXMLElement->__construct()
 2 SYSTEMPATH/View/View.php(213): include('APPPATH/Views/tmp/superial/index.php')
 3 SYSTEMPATH/View/View.php(216): CodeIgniter\View\View->CodeIgniter\View\{closure}()
 4 SYSTEMPATH/View/View.php(229): CodeIgniter\View\View->render()
 5 SYSTEMPATH/Common.php(1135): CodeIgniter\View\View->render()
 6 APPPATH/Controllers/DataAdmin.php(21): view()
 7 SYSTEMPATH/CodeIgniter.php(896): App\Controllers\DataAdmin->index()
 8 SYSTEMPATH/CodeIgniter.php(466): CodeIgniter\CodeIgniter->runController()
 9 SYSTEMPATH/CodeIgniter.php(349): CodeIgniter\CodeIgniter->handleRequest()
10 FCPATH/index.php(55): CodeIgniter\CodeIgniter->run()
11 SYSTEMPATH/Commands/Server/rewrite.php(43): require_once('FCPATH/index.php')
CRITICAL - 2022-08-01 23:37:46 --> Invalid file: login.php
in SYSTEMPATH/Exceptions/FrameworkException.php on line 33.
 1 SYSTEMPATH/View/View.php(201): CodeIgniter\Exceptions\FrameworkException::forInvalidFile()
 2 SYSTEMPATH/Common.php(1135): CodeIgniter\View\View->render()
 3 APPPATH/Controllers/Login.php(11): view()
 4 SYSTEMPATH/CodeIgniter.php(896): App\Controllers\Login->index()
 5 SYSTEMPATH/CodeIgniter.php(466): CodeIgniter\CodeIgniter->runController()
 6 SYSTEMPATH/CodeIgniter.php(349): CodeIgniter\CodeIgniter->handleRequest()
 7 FCPATH/index.php(55): CodeIgniter\CodeIgniter->run()
 8 SYSTEMPATH/Commands/Server/rewrite.php(43): require_once('FCPATH/index.php')
CRITICAL - 2022-08-01 23:40:06 --> Invalid file: login.php
in SYSTEMPATH/Exceptions/FrameworkException.php on line 33.
 1 SYSTEMPATH/View/View.php(201): CodeIgniter\Exceptions\FrameworkException::forInvalidFile()
 2 SYSTEMPATH/Common.php(1135): CodeIgniter\View\View->render()
 3 APPPATH/Controllers/Login.php(13): view()
 4 SYSTEMPATH/CodeIgniter.php(896): App\Controllers\Login->index()
 5 SYSTEMPATH/CodeIgniter.php(466): CodeIgniter\CodeIgniter->runController()
 6 SYSTEMPATH/CodeIgniter.php(349): CodeIgniter\CodeIgniter->handleRequest()
 7 FCPATH/index.php(55): CodeIgniter\CodeIgniter->run()
 8 SYSTEMPATH/Commands/Server/rewrite.php(43): require_once('FCPATH/index.php')
CRITICAL - 2022-08-01 23:40:57 --> Invalid file: superiallogin.php
in SYSTEMPATH/Exceptions/FrameworkException.php on line 33.
 1 SYSTEMPATH/View/View.php(201): CodeIgniter\Exceptions\FrameworkException::forInvalidFile()
 2 SYSTEMPATH/Common.php(1135): CodeIgniter\View\View->render()
 3 APPPATH/Controllers/Login.php(11): view()
 4 SYSTEMPATH/CodeIgniter.php(896): App\Controllers\Login->index()
 5 SYSTEMPATH/CodeIgniter.php(466): CodeIgniter\CodeIgniter->runController()
 6 SYSTEMPATH/CodeIgniter.php(349): CodeIgniter\CodeIgniter->handleRequest()
 7 FCPATH/index.php(55): CodeIgniter\CodeIgniter->run()
 8 SYSTEMPATH/Commands/Server/rewrite.php(43): require_once('FCPATH/index.php')
CRITICAL - 2022-08-01 23:41:46 --> include(../include/function/login.php): failed to open stream: No such file or directory
in APPPATH/Views/tmp/superial/login.php on line 7.
 1 APPPATH/Views/tmp/superial/login.php(7): CodeIgniter\Debug\Exceptions->errorHandler()
 2 APPPATH/Views/tmp/superial/login.php(7): include()
 3 SYSTEMPATH/View/View.php(213): include('APPPATH/Views/tmp/superial/login.php')
 4 SYSTEMPATH/View/View.php(216): CodeIgniter\View\View->CodeIgniter\View\{closure}()
 5 SYSTEMPATH/Common.php(1135): CodeIgniter\View\View->render()
 6 APPPATH/Controllers/Login.php(11): view()
 7 SYSTEMPATH/CodeIgniter.php(896): App\Controllers\Login->index()
 8 SYSTEMPATH/CodeIgniter.php(466): CodeIgniter\CodeIgniter->runController()
 9 SYSTEMPATH/CodeIgniter.php(349): CodeIgniter\CodeIgniter->handleRequest()
10 FCPATH/index.php(55): CodeIgniter\CodeIgniter->run()
11 SYSTEMPATH/Commands/Server/rewrite.php(43): require_once('FCPATH/index.php')
CRITICAL - 2022-08-01 23:41:55 --> syntax error, unexpected 'echo' (T_ECHO), expecting ';'
in APPPATH/Controllers/Login.php on line 11.
 1 SYSTEMPATH/Autoloader/Autoloader.php(261): CodeIgniter\Autoloader\Autoloader->includeFile()
 2 SYSTEMPATH/Autoloader/Autoloader.php(239): CodeIgniter\Autoloader\Autoloader->loadInNamespace()
 3 [internal function]: CodeIgniter\Autoloader\Autoloader->loadClass()
 4 [internal function]: spl_autoload_call()
 5 SYSTEMPATH/CodeIgniter.php(846): class_exists()
 6 SYSTEMPATH/CodeIgniter.php(453): CodeIgniter\CodeIgniter->startController()
 7 SYSTEMPATH/CodeIgniter.php(349): CodeIgniter\CodeIgniter->handleRequest()
 8 FCPATH/index.php(55): CodeIgniter\CodeIgniter->run()
 9 SYSTEMPATH/Commands/Server/rewrite.php(43): require_once('FCPATH/index.php')
CRITICAL - 2022-08-01 23:42:13 --> include(../include/function/login.php): failed to open stream: No such file or directory
in APPPATH/Views/tmp/superial/login.php on line 7.
 1 APPPATH/Views/tmp/superial/login.php(7): CodeIgniter\Debug\Exceptions->errorHandler()
 2 APPPATH/Views/tmp/superial/login.php(7): include()
 3 SYSTEMPATH/View/View.php(213): include('APPPATH/Views/tmp/superial/login.php')
 4 SYSTEMPATH/View/View.php(216): CodeIgniter\View\View->CodeIgniter\View\{closure}()
 5 SYSTEMPATH/Common.php(1135): CodeIgniter\View\View->render()
 6 APPPATH/Controllers/Login.php(11): view()
 7 SYSTEMPATH/CodeIgniter.php(896): App\Controllers\Login->index()
 8 SYSTEMPATH/CodeIgniter.php(466): CodeIgniter\CodeIgniter->runController()
 9 SYSTEMPATH/CodeIgniter.php(349): CodeIgniter\CodeIgniter->handleRequest()
10 FCPATH/index.php(55): CodeIgniter\CodeIgniter->run()
11 SYSTEMPATH/Commands/Server/rewrite.php(43): require_once('FCPATH/index.php')
CRITICAL - 2022-08-01 23:49:45 --> Invalid file: tmp/tmp 46/login.php
in SYSTEMPATH/Exceptions/FrameworkException.php on line 33.
 1 SYSTEMPATH/View/View.php(201): CodeIgniter\Exceptions\FrameworkException::forInvalidFile()
 2 SYSTEMPATH/Common.php(1135): CodeIgniter\View\View->render()
 3 APPPATH/Controllers/Login.php(11): view()
 4 SYSTEMPATH/CodeIgniter.php(896): App\Controllers\Login->index()
 5 SYSTEMPATH/CodeIgniter.php(466): CodeIgniter\CodeIgniter->runController()
 6 SYSTEMPATH/CodeIgniter.php(349): CodeIgniter\CodeIgniter->handleRequest()
 7 FCPATH/index.php(55): CodeIgniter\CodeIgniter->run()
 8 SYSTEMPATH/Commands/Server/rewrite.php(43): require_once('FCPATH/index.php')
CRITICAL - 2022-08-01 23:50:40 --> include(../include/function/login.php): failed to open stream: No such file or directory
in APPPATH/Views/tmp/tmp 24/login.php on line 10.
 1 APPPATH/Views/tmp/tmp 24/login.php(10): CodeIgniter\Debug\Exceptions->errorHandler()
 2 APPPATH/Views/tmp/tmp 24/login.php(10): include()
 3 SYSTEMPATH/View/View.php(213): include('APPPATH/Views/tmp/tmp 24/login.php')
 4 SYSTEMPATH/View/View.php(216): CodeIgniter\View\View->CodeIgniter\View\{closure}()
 5 SYSTEMPATH/Common.php(1135): CodeIgniter\View\View->render()
 6 APPPATH/Controllers/Login.php(11): view()
 7 SYSTEMPATH/CodeIgniter.php(896): App\Controllers\Login->index()
 8 SYSTEMPATH/CodeIgniter.php(466): CodeIgniter\CodeIgniter->runController()
 9 SYSTEMPATH/CodeIgniter.php(349): CodeIgniter\CodeIgniter->handleRequest()
10 FCPATH/index.php(55): CodeIgniter\CodeIgniter->run()
11 SYSTEMPATH/Commands/Server/rewrite.php(43): require_once('FCPATH/index.php')
CRITICAL - 2022-08-01 23:51:06 --> include(../include/function/login.php): failed to open stream: No such file or directory
in APPPATH/Views/tmp/tmp 24/login.php on line 32.
 1 APPPATH/Views/tmp/tmp 24/login.php(32): CodeIgniter\Debug\Exceptions->errorHandler()
 2 APPPATH/Views/tmp/tmp 24/login.php(32): include()
 3 SYSTEMPATH/View/View.php(213): include('APPPATH/Views/tmp/tmp 24/login.php')
 4 SYSTEMPATH/View/View.php(216): CodeIgniter\View\View->CodeIgniter\View\{closure}()
 5 SYSTEMPATH/Common.php(1135): CodeIgniter\View\View->render()
 6 APPPATH/Controllers/Login.php(11): view()
 7 SYSTEMPATH/CodeIgniter.php(896): App\Controllers\Login->index()
 8 SYSTEMPATH/CodeIgniter.php(466): CodeIgniter\CodeIgniter->runController()
 9 SYSTEMPATH/CodeIgniter.php(349): CodeIgniter\CodeIgniter->handleRequest()
10 FCPATH/index.php(55): CodeIgniter\CodeIgniter->run()
11 SYSTEMPATH/Commands/Server/rewrite.php(43): require_once('FCPATH/index.php')
CRITICAL - 2022-08-01 23:51:16 --> include(../include/function/login.php): failed to open stream: No such file or directory
in APPPATH/Views/tmp/tmp 24/login.php on line 32.
 1 APPPATH/Views/tmp/tmp 24/login.php(32): CodeIgniter\Debug\Exceptions->errorHandler()
 2 APPPATH/Views/tmp/tmp 24/login.php(32): include()
 3 SYSTEMPATH/View/View.php(213): include('APPPATH/Views/tmp/tmp 24/login.php')
 4 SYSTEMPATH/View/View.php(216): CodeIgniter\View\View->CodeIgniter\View\{closure}()
 5 SYSTEMPATH/Common.php(1135): CodeIgniter\View\View->render()
 6 APPPATH/Controllers/Login.php(11): view()
 7 SYSTEMPATH/CodeIgniter.php(896): App\Controllers\Login->index()
 8 SYSTEMPATH/CodeIgniter.php(466): CodeIgniter\CodeIgniter->runController()
 9 SYSTEMPATH/CodeIgniter.php(349): CodeIgniter\CodeIgniter->handleRequest()
10 FCPATH/index.php(55): CodeIgniter\CodeIgniter->run()
11 SYSTEMPATH/Commands/Server/rewrite.php(43): require_once('FCPATH/index.php')
