CRITICAL - 2022-10-04 01:24:37 --> Trying to access array offset on value of type null
in APPPATH/Views/admin/data_komentar/tampil.php on line 115.
 1 APPPATH/Views/admin/data_komentar/tampil.php(115): CodeIgniter\Debug\Exceptions->errorHandler()
 2 SYSTEMPATH/View/View.php(213): include('APPPATH/Views/admin/data_komentar/tampil.php')
 3 SYSTEMPATH/View/View.php(216): CodeIgniter\View\View->CodeIgniter\View\{closure}()
 4 SYSTEMPATH/Common.php(1135): CodeIgniter\View\View->render()
 5 APPPATH/Controllers/admin/DataKomentar.php(28): view()
 6 SYSTEMPATH/CodeIgniter.php(896): App\Controllers\admin\DataKomentar->index()
 7 SYSTEMPATH/CodeIgniter.php(466): CodeIgniter\CodeIgniter->runController()
 8 SYSTEMPATH/CodeIgniter.php(349): CodeIgniter\CodeIgniter->handleRequest()
 9 FCPATH/index.php(55): CodeIgniter\CodeIgniter->run()
10 SYSTEMPATH/Commands/Server/rewrite.php(43): require_once('FCPATH/index.php')
CRITICAL - 2022-10-04 01:53:55 --> Call to undefined method App\Repo\admin\DataKomentarRepo::get_data_komentar()
in APPPATH/Views/admin/data_komentar/tampil.php on line 104.
 1 SYSTEMPATH/View/View.php(213): include()
 2 SYSTEMPATH/View/View.php(216): CodeIgniter\View\View->CodeIgniter\View\{closure}()
 3 SYSTEMPATH/Common.php(1135): CodeIgniter\View\View->render()
 4 APPPATH/Controllers/admin/DataKomentar.php(28): view()
 5 SYSTEMPATH/CodeIgniter.php(896): App\Controllers\admin\DataKomentar->index()
 6 SYSTEMPATH/CodeIgniter.php(466): CodeIgniter\CodeIgniter->runController()
 7 SYSTEMPATH/CodeIgniter.php(349): CodeIgniter\CodeIgniter->handleRequest()
 8 FCPATH/index.php(55): CodeIgniter\CodeIgniter->run()
 9 SYSTEMPATH/Commands/Server/rewrite.php(43): require_once('FCPATH/index.php')
CRITICAL - 2022-10-04 01:54:14 --> Non-static method App\Repo\admin\DataKomentarRepo::get_data_komentar() should not be called statically
in APPPATH/Views/admin/data_komentar/tampil.php on line 104.
 1 APPPATH/Views/admin/data_komentar/tampil.php(104): CodeIgniter\Debug\Exceptions->errorHandler()
 2 SYSTEMPATH/View/View.php(213): include('APPPATH/Views/admin/data_komentar/tampil.php')
 3 SYSTEMPATH/View/View.php(216): CodeIgniter\View\View->CodeIgniter\View\{closure}()
 4 SYSTEMPATH/Common.php(1135): CodeIgniter\View\View->render()
 5 APPPATH/Controllers/admin/DataKomentar.php(28): view()
 6 SYSTEMPATH/CodeIgniter.php(896): App\Controllers\admin\DataKomentar->index()
 7 SYSTEMPATH/CodeIgniter.php(466): CodeIgniter\CodeIgniter->runController()
 8 SYSTEMPATH/CodeIgniter.php(349): CodeIgniter\CodeIgniter->handleRequest()
 9 FCPATH/index.php(55): CodeIgniter\CodeIgniter->run()
10 SYSTEMPATH/Commands/Server/rewrite.php(43): require_once('FCPATH/index.php')
CRITICAL - 2022-10-04 02:04:55 --> Call to undefined function mysql_query()
in APPPATH/RCore/BridgeAll.php on line 134.
 1 APPPATH/Views/admin/data_transaksi/cetak.php(19): action_cetak()
 2 SYSTEMPATH/View/View.php(213): include('APPPATH/Views/admin/data_transaksi/cetak.php')
 3 SYSTEMPATH/View/View.php(216): CodeIgniter\View\View->CodeIgniter\View\{closure}()
 4 SYSTEMPATH/Common.php(1135): CodeIgniter\View\View->render()
 5 APPPATH/Controllers/admin/DataTransaksi.php(96): view()
 6 SYSTEMPATH/CodeIgniter.php(896): App\Controllers\admin\DataTransaksi->cetak()
 7 SYSTEMPATH/CodeIgniter.php(466): CodeIgniter\CodeIgniter->runController()
 8 SYSTEMPATH/CodeIgniter.php(349): CodeIgniter\CodeIgniter->handleRequest()
 9 FCPATH/index.php(55): CodeIgniter\CodeIgniter->run()
10 SYSTEMPATH/Commands/Server/rewrite.php(43): require_once('FCPATH/index.php')
CRITICAL - 2022-10-04 02:05:31 --> Call to undefined function mysql_query()
in APPPATH/RCore/BridgeAll.php on line 134.
 1 APPPATH/Views/admin/data_transaksi/cetak.php(19): action_cetak()
 2 SYSTEMPATH/View/View.php(213): include('APPPATH/Views/admin/data_transaksi/cetak.php')
 3 SYSTEMPATH/View/View.php(216): CodeIgniter\View\View->CodeIgniter\View\{closure}()
 4 SYSTEMPATH/Common.php(1135): CodeIgniter\View\View->render()
 5 APPPATH/Controllers/admin/DataTransaksi.php(96): view()
 6 SYSTEMPATH/CodeIgniter.php(896): App\Controllers\admin\DataTransaksi->cetak()
 7 SYSTEMPATH/CodeIgniter.php(466): CodeIgniter\CodeIgniter->runController()
 8 SYSTEMPATH/CodeIgniter.php(349): CodeIgniter\CodeIgniter->handleRequest()
 9 FCPATH/index.php(55): CodeIgniter\CodeIgniter->run()
10 SYSTEMPATH/Commands/Server/rewrite.php(43): require_once('FCPATH/index.php')
CRITICAL - 2022-10-04 02:06:21 --> Undefined offset: 1
in APPPATH/RCore/BridgeAll.php on line 137.
 1 APPPATH/RCore/BridgeAll.php(137): CodeIgniter\Debug\Exceptions->errorHandler()
 2 APPPATH/Views/admin/data_transaksi/cetak.php(19): action_cetak()
 3 SYSTEMPATH/View/View.php(213): include('APPPATH/Views/admin/data_transaksi/cetak.php')
 4 SYSTEMPATH/View/View.php(216): CodeIgniter\View\View->CodeIgniter\View\{closure}()
 5 SYSTEMPATH/Common.php(1135): CodeIgniter\View\View->render()
 6 APPPATH/Controllers/admin/DataTransaksi.php(96): view()
 7 SYSTEMPATH/CodeIgniter.php(896): App\Controllers\admin\DataTransaksi->cetak()
 8 SYSTEMPATH/CodeIgniter.php(466): CodeIgniter\CodeIgniter->runController()
 9 SYSTEMPATH/CodeIgniter.php(349): CodeIgniter\CodeIgniter->handleRequest()
10 FCPATH/index.php(55): CodeIgniter\CodeIgniter->run()
11 SYSTEMPATH/Commands/Server/rewrite.php(43): require_once('FCPATH/index.php')
CRITICAL - 2022-10-04 02:06:46 --> Undefined offset: 1
in APPPATH/RCore/BridgeAll.php on line 138.
 1 APPPATH/RCore/BridgeAll.php(138): CodeIgniter\Debug\Exceptions->errorHandler()
 2 APPPATH/Views/admin/data_transaksi/cetak.php(19): action_cetak()
 3 SYSTEMPATH/View/View.php(213): include('APPPATH/Views/admin/data_transaksi/cetak.php')
 4 SYSTEMPATH/View/View.php(216): CodeIgniter\View\View->CodeIgniter\View\{closure}()
 5 SYSTEMPATH/Common.php(1135): CodeIgniter\View\View->render()
 6 APPPATH/Controllers/admin/DataTransaksi.php(96): view()
 7 SYSTEMPATH/CodeIgniter.php(896): App\Controllers\admin\DataTransaksi->cetak()
 8 SYSTEMPATH/CodeIgniter.php(466): CodeIgniter\CodeIgniter->runController()
 9 SYSTEMPATH/CodeIgniter.php(349): CodeIgniter\CodeIgniter->handleRequest()
10 FCPATH/index.php(55): CodeIgniter\CodeIgniter->run()
11 SYSTEMPATH/Commands/Server/rewrite.php(43): require_once('FCPATH/index.php')
CRITICAL - 2022-10-04 02:21:58 --> Undefined variable: datas
in APPPATH/Views/admin/data_transaksi/cetak.php on line 102.
 1 APPPATH/Views/admin/data_transaksi/cetak.php(102): CodeIgniter\Debug\Exceptions->errorHandler()
 2 SYSTEMPATH/View/View.php(213): include('APPPATH/Views/admin/data_transaksi/cetak.php')
 3 SYSTEMPATH/View/View.php(216): CodeIgniter\View\View->CodeIgniter\View\{closure}()
 4 SYSTEMPATH/Common.php(1135): CodeIgniter\View\View->render()
 5 APPPATH/Controllers/admin/DataTransaksi.php(102): view()
 6 SYSTEMPATH/CodeIgniter.php(896): App\Controllers\admin\DataTransaksi->cetak()
 7 SYSTEMPATH/CodeIgniter.php(466): CodeIgniter\CodeIgniter->runController()
 8 SYSTEMPATH/CodeIgniter.php(349): CodeIgniter\CodeIgniter->handleRequest()
 9 FCPATH/index.php(55): CodeIgniter\CodeIgniter->run()
10 SYSTEMPATH/Commands/Server/rewrite.php(43): require_once('FCPATH/index.php')
CRITICAL - 2022-10-04 02:22:17 --> Invalid argument supplied for foreach()
in APPPATH/Views/admin/data_transaksi/cetak.php on line 102.
 1 APPPATH/Views/admin/data_transaksi/cetak.php(102): CodeIgniter\Debug\Exceptions->errorHandler()
 2 SYSTEMPATH/View/View.php(213): include('APPPATH/Views/admin/data_transaksi/cetak.php')
 3 SYSTEMPATH/View/View.php(216): CodeIgniter\View\View->CodeIgniter\View\{closure}()
 4 SYSTEMPATH/Common.php(1135): CodeIgniter\View\View->render()
 5 APPPATH/Controllers/admin/DataTransaksi.php(102): view()
 6 SYSTEMPATH/CodeIgniter.php(896): App\Controllers\admin\DataTransaksi->cetak()
 7 SYSTEMPATH/CodeIgniter.php(466): CodeIgniter\CodeIgniter->runController()
 8 SYSTEMPATH/CodeIgniter.php(349): CodeIgniter\CodeIgniter->handleRequest()
 9 FCPATH/index.php(55): CodeIgniter\CodeIgniter->run()
10 SYSTEMPATH/Commands/Server/rewrite.php(43): require_once('FCPATH/index.php')
CRITICAL - 2022-10-04 04:04:07 --> syntax error, unexpected '' (T_ENCAPSED_AND_WHITESPACE), expecting '-' or identifier (T_STRING) or variable (T_VARIABLE) or number (T_NUM_STRING)
in APPPATH/Views/admin/data_galery/tampil.php on line 103.
 1 SYSTEMPATH/View/View.php(216): CodeIgniter\View\View->CodeIgniter\View\{closure}()
 2 SYSTEMPATH/Common.php(1135): CodeIgniter\View\View->render()
 3 APPPATH/Controllers/admin/DataGalery.php(28): view()
 4 SYSTEMPATH/CodeIgniter.php(896): App\Controllers\admin\DataGalery->index()
 5 SYSTEMPATH/CodeIgniter.php(466): CodeIgniter\CodeIgniter->runController()
 6 SYSTEMPATH/CodeIgniter.php(349): CodeIgniter\CodeIgniter->handleRequest()
 7 FCPATH/index.php(55): CodeIgniter\CodeIgniter->run()
 8 SYSTEMPATH/Commands/Server/rewrite.php(43): require_once('FCPATH/index.php')
CRITICAL - 2022-10-04 04:29:52 --> The original file is not a valid file.
in SYSTEMPATH/HTTP/Files/UploadedFile.php on line 137.
 1 SYSTEMPATH/HTTP/Files/UploadedFile.php(137): CodeIgniter\HTTP\Exceptions\HTTPException::forInvalidFile()
 2 APPPATH/Controllers/admin/DataGalery.php(138): CodeIgniter\HTTP\Files\UploadedFile->move()
 3 APPPATH/Controllers/admin/DataGalery.php(62): App\Controllers\admin\DataGalery->upload()
 4 SYSTEMPATH/CodeIgniter.php(896): App\Controllers\admin\DataGalery->edit()
 5 SYSTEMPATH/CodeIgniter.php(466): CodeIgniter\CodeIgniter->runController()
 6 SYSTEMPATH/CodeIgniter.php(349): CodeIgniter\CodeIgniter->handleRequest()
 7 FCPATH/index.php(55): CodeIgniter\CodeIgniter->run()
 8 SYSTEMPATH/Commands/Server/rewrite.php(43): require_once('FCPATH/index.php')
CRITICAL - 2022-10-04 20:37:51 --> Call to undefined function combo_database2()
in APPPATH/Views/admin/data_transaksi/edit.php on line 91.
 1 SYSTEMPATH/View/View.php(213): include()
 2 SYSTEMPATH/View/View.php(216): CodeIgniter\View\View->CodeIgniter\View\{closure}()
 3 SYSTEMPATH/Common.php(1135): CodeIgniter\View\View->render()
 4 APPPATH/Controllers/admin/DataTransaksi.php(86): view()
 5 SYSTEMPATH/CodeIgniter.php(896): App\Controllers\admin\DataTransaksi->edit()
 6 SYSTEMPATH/CodeIgniter.php(466): CodeIgniter\CodeIgniter->runController()
 7 SYSTEMPATH/CodeIgniter.php(349): CodeIgniter\CodeIgniter->handleRequest()
 8 FCPATH/index.php(55): CodeIgniter\CodeIgniter->run()
 9 SYSTEMPATH/Commands/Server/rewrite.php(43): require_once('FCPATH/index.php')
CRITICAL - 2022-10-04 20:38:39 --> mysqli::query(): Empty query
in SYSTEMPATH/Database/MySQLi/Connection.php on line 292.
 1 [internal function]: CodeIgniter\Debug\Exceptions->errorHandler()
 2 SYSTEMPATH/Database/MySQLi/Connection.php(292): mysqli->query()
 3 SYSTEMPATH/Database/BaseConnection.php(695): CodeIgniter\Database\MySQLi\Connection->execute()
 4 SYSTEMPATH/Database/BaseConnection.php(609): CodeIgniter\Database\BaseConnection->simpleQuery()
 5 APPPATH/RCore/BridgeView.php(211): CodeIgniter\Database\BaseConnection->query()
 6 APPPATH/Views/admin/data_transaksi/edit.php(91): combo_database2()
 7 SYSTEMPATH/View/View.php(213): include('APPPATH/Views/admin/data_transaksi/edit.php')
 8 SYSTEMPATH/View/View.php(216): CodeIgniter\View\View->CodeIgniter\View\{closure}()
 9 SYSTEMPATH/Common.php(1135): CodeIgniter\View\View->render()
10 APPPATH/Controllers/admin/DataTransaksi.php(86): view()
11 SYSTEMPATH/CodeIgniter.php(896): App\Controllers\admin\DataTransaksi->edit()
12 SYSTEMPATH/CodeIgniter.php(466): CodeIgniter\CodeIgniter->runController()
13 SYSTEMPATH/CodeIgniter.php(349): CodeIgniter\CodeIgniter->handleRequest()
14 FCPATH/index.php(55): CodeIgniter\CodeIgniter->run()
15 SYSTEMPATH/Commands/Server/rewrite.php(43): require_once('FCPATH/index.php')
CRITICAL - 2022-10-04 20:39:19 --> mysqli::query(): Empty query
in SYSTEMPATH/Database/MySQLi/Connection.php on line 292.
 1 [internal function]: CodeIgniter\Debug\Exceptions->errorHandler()
 2 SYSTEMPATH/Database/MySQLi/Connection.php(292): mysqli->query()
 3 SYSTEMPATH/Database/BaseConnection.php(695): CodeIgniter\Database\MySQLi\Connection->execute()
 4 SYSTEMPATH/Database/BaseConnection.php(609): CodeIgniter\Database\BaseConnection->simpleQuery()
 5 APPPATH/RCore/BridgeView.php(211): CodeIgniter\Database\BaseConnection->query()
 6 APPPATH/Views/admin/data_transaksi/edit.php(91): combo_database2()
 7 SYSTEMPATH/View/View.php(213): include('APPPATH/Views/admin/data_transaksi/edit.php')
 8 SYSTEMPATH/View/View.php(216): CodeIgniter\View\View->CodeIgniter\View\{closure}()
 9 SYSTEMPATH/Common.php(1135): CodeIgniter\View\View->render()
10 APPPATH/Controllers/admin/DataTransaksi.php(86): view()
11 SYSTEMPATH/CodeIgniter.php(896): App\Controllers\admin\DataTransaksi->edit()
12 SYSTEMPATH/CodeIgniter.php(466): CodeIgniter\CodeIgniter->runController()
13 SYSTEMPATH/CodeIgniter.php(349): CodeIgniter\CodeIgniter->handleRequest()
14 FCPATH/index.php(55): CodeIgniter\CodeIgniter->run()
15 SYSTEMPATH/Commands/Server/rewrite.php(43): require_once('FCPATH/index.php')
CRITICAL - 2022-10-04 20:40:03 --> Argument 1 passed to CodeIgniter\Database\BaseConnection::query() must be of the type string, null given, called in /mnt/CED40BDFD40BC8A3/xampp/htdocs/r/crud_ci/app/RCore/BridgeView.php on line 211
in SYSTEMPATH/Database/BaseConnection.php on line 581.
 1 APPPATH/RCore/BridgeView.php(211): CodeIgniter\Database\BaseConnection->query()
 2 APPPATH/Views/admin/data_transaksi/edit.php(91): combo_database2()
 3 SYSTEMPATH/View/View.php(213): include('APPPATH/Views/admin/data_transaksi/edit.php')
 4 SYSTEMPATH/View/View.php(216): CodeIgniter\View\View->CodeIgniter\View\{closure}()
 5 SYSTEMPATH/Common.php(1135): CodeIgniter\View\View->render()
 6 APPPATH/Controllers/admin/DataTransaksi.php(86): view()
 7 SYSTEMPATH/CodeIgniter.php(896): App\Controllers\admin\DataTransaksi->edit()
 8 SYSTEMPATH/CodeIgniter.php(466): CodeIgniter\CodeIgniter->runController()
 9 SYSTEMPATH/CodeIgniter.php(349): CodeIgniter\CodeIgniter->handleRequest()
10 FCPATH/index.php(55): CodeIgniter\CodeIgniter->run()
11 SYSTEMPATH/Commands/Server/rewrite.php(43): require_once('FCPATH/index.php')
CRITICAL - 2022-10-04 21:24:22 --> syntax error, unexpected '{', expecting identifier (T_STRING)
in APPPATH/Views/admin/data_transaksi/detail.php on line 59.
 1 SYSTEMPATH/View/View.php(216): CodeIgniter\View\View->CodeIgniter\View\{closure}()
 2 SYSTEMPATH/Common.php(1135): CodeIgniter\View\View->render()
 3 APPPATH/Controllers/admin/DataTransaksi.php(153): view()
 4 SYSTEMPATH/CodeIgniter.php(896): App\Controllers\admin\DataTransaksi->detail()
 5 SYSTEMPATH/CodeIgniter.php(466): CodeIgniter\CodeIgniter->runController()
 6 SYSTEMPATH/CodeIgniter.php(349): CodeIgniter\CodeIgniter->handleRequest()
 7 FCPATH/index.php(55): CodeIgniter\CodeIgniter->run()
 8 SYSTEMPATH/Commands/Server/rewrite.php(43): require_once('FCPATH/index.php')
