CRITICAL - 2024-05-18 03:07:29 --> Class 'app\repo\admin\DataAnamnesisrepo' not found
in APPPATH/Views/petugas/data_anamnesis/edit.php on line 135.
 1 SYSTEMPATH/View/View.php(213): include()
 2 SYSTEMPATH/View/View.php(216): CodeIgniter\View\View->CodeIgniter\View\{closure}()
 3 SYSTEMPATH/Common.php(1135): CodeIgniter\View\View->render('petugas/data_anamnesis/edit', [], true)
 4 APPPATH/Controllers/petugas/DataAnamnesis.php(86): view('petugas/data_anamnesis/edit', [...])
 5 SYSTEMPATH/CodeIgniter.php(896): App\Controllers\petugas\DataAnamnesis->edit()
 6 SYSTEMPATH/CodeIgniter.php(466): CodeIgniter\CodeIgniter->runController(Object(App\Controllers\petugas\DataAnamnesis))
 7 SYSTEMPATH/CodeIgniter.php(349): CodeIgniter\CodeIgniter->handleRequest(null, Object(Config\Cache), false)
 8 FCPATH/index.php(55): CodeIgniter\CodeIgniter->run()
CRITICAL - 2024-05-18 03:08:57 --> Class 'app\repo\admin\DataAnamnesisrepo' not found
in APPPATH/Views/petugas/data_anamnesis/edit.php on line 135.
 1 SYSTEMPATH/View/View.php(213): include()
 2 SYSTEMPATH/View/View.php(216): CodeIgniter\View\View->CodeIgniter\View\{closure}()
 3 SYSTEMPATH/Common.php(1135): CodeIgniter\View\View->render('petugas/data_anamnesis/edit', [], true)
 4 APPPATH/Controllers/petugas/DataAnamnesis.php(86): view('petugas/data_anamnesis/edit', [...])
 5 SYSTEMPATH/CodeIgniter.php(896): App\Controllers\petugas\DataAnamnesis->edit()
 6 SYSTEMPATH/CodeIgniter.php(466): CodeIgniter\CodeIgniter->runController(Object(App\Controllers\petugas\DataAnamnesis))
 7 SYSTEMPATH/CodeIgniter.php(349): CodeIgniter\CodeIgniter->handleRequest(null, Object(Config\Cache), false)
 8 FCPATH/index.php(55): CodeIgniter\CodeIgniter->run()
CRITICAL - 2024-05-18 03:09:13 --> Class 'app\repo\admin\DataAnamnesisrepo' not found
in APPPATH/Views/petugas/data_anamnesis/edit.php on line 135.
 1 SYSTEMPATH/View/View.php(213): include()
 2 SYSTEMPATH/View/View.php(216): CodeIgniter\View\View->CodeIgniter\View\{closure}()
 3 SYSTEMPATH/Common.php(1135): CodeIgniter\View\View->render('petugas/data_anamnesis/edit', [], true)
 4 APPPATH/Controllers/petugas/DataAnamnesis.php(86): view('petugas/data_anamnesis/edit', [...])
 5 SYSTEMPATH/CodeIgniter.php(896): App\Controllers\petugas\DataAnamnesis->edit()
 6 SYSTEMPATH/CodeIgniter.php(466): CodeIgniter\CodeIgniter->runController(Object(App\Controllers\petugas\DataAnamnesis))
 7 SYSTEMPATH/CodeIgniter.php(349): CodeIgniter\CodeIgniter->handleRequest(null, Object(Config\Cache), false)
 8 FCPATH/index.php(55): CodeIgniter\CodeIgniter->run()
CRITICAL - 2024-05-18 03:09:20 --> Class 'app\repo\admin\DataAnamnesisrepo' not found
in APPPATH/Views/petugas/data_anamnesis/edit.php on line 135.
 1 SYSTEMPATH/View/View.php(213): include()
 2 SYSTEMPATH/View/View.php(216): CodeIgniter\View\View->CodeIgniter\View\{closure}()
 3 SYSTEMPATH/Common.php(1135): CodeIgniter\View\View->render('petugas/data_anamnesis/edit', [], true)
 4 APPPATH/Controllers/petugas/DataAnamnesis.php(86): view('petugas/data_anamnesis/edit', [...])
 5 SYSTEMPATH/CodeIgniter.php(896): App\Controllers\petugas\DataAnamnesis->edit()
 6 SYSTEMPATH/CodeIgniter.php(466): CodeIgniter\CodeIgniter->runController(Object(App\Controllers\petugas\DataAnamnesis))
 7 SYSTEMPATH/CodeIgniter.php(349): CodeIgniter\CodeIgniter->handleRequest(null, Object(Config\Cache), false)
 8 FCPATH/index.php(55): CodeIgniter\CodeIgniter->run()
CRITICAL - 2024-05-18 03:09:35 --> Class 'app\repo\admin\DataAnamnesisrepo' not found
in APPPATH/Views/petugas/data_anamnesis/edit.php on line 135.
 1 SYSTEMPATH/View/View.php(213): include()
 2 SYSTEMPATH/View/View.php(216): CodeIgniter\View\View->CodeIgniter\View\{closure}()
 3 SYSTEMPATH/Common.php(1135): CodeIgniter\View\View->render('petugas/data_anamnesis/edit', [], true)
 4 APPPATH/Controllers/petugas/DataAnamnesis.php(86): view('petugas/data_anamnesis/edit', [...])
 5 SYSTEMPATH/CodeIgniter.php(896): App\Controllers\petugas\DataAnamnesis->edit()
 6 SYSTEMPATH/CodeIgniter.php(466): CodeIgniter\CodeIgniter->runController(Object(App\Controllers\petugas\DataAnamnesis))
 7 SYSTEMPATH/CodeIgniter.php(349): CodeIgniter\CodeIgniter->handleRequest(null, Object(Config\Cache), false)
 8 FCPATH/index.php(55): CodeIgniter\CodeIgniter->run()
CRITICAL - 2024-05-18 03:10:33 --> Class 'app\repo\admin\DataAnamnesisrepo' not found
in APPPATH/Views/petugas/data_anamnesis/edit.php on line 135.
 1 SYSTEMPATH/View/View.php(213): include()
 2 SYSTEMPATH/View/View.php(216): CodeIgniter\View\View->CodeIgniter\View\{closure}()
 3 SYSTEMPATH/Common.php(1135): CodeIgniter\View\View->render('petugas/data_anamnesis/edit', [], true)
 4 APPPATH/Controllers/petugas/DataAnamnesis.php(86): view('petugas/data_anamnesis/edit', [...])
 5 SYSTEMPATH/CodeIgniter.php(896): App\Controllers\petugas\DataAnamnesis->edit()
 6 SYSTEMPATH/CodeIgniter.php(466): CodeIgniter\CodeIgniter->runController(Object(App\Controllers\petugas\DataAnamnesis))
 7 SYSTEMPATH/CodeIgniter.php(349): CodeIgniter\CodeIgniter->handleRequest(null, Object(Config\Cache), false)
 8 FCPATH/index.php(55): CodeIgniter\CodeIgniter->run()
CRITICAL - 2024-05-18 03:12:09 --> Class 'app\repo\admin\DataBeritaAcaraPengirimanPenderitaPulangrepo' not found
in APPPATH/Views/petugas/data_berita_acara_pengiriman_penderita_pulang/edit.php on line 55.
 1 SYSTEMPATH/View/View.php(213): include()
 2 SYSTEMPATH/View/View.php(216): CodeIgniter\View\View->CodeIgniter\View\{closure}()
 3 SYSTEMPATH/Common.php(1135): CodeIgniter\View\View->render('petugas/data_berita_acara_pengiriman_penderita_pulang/edit', [], true)
 4 APPPATH/Controllers/petugas/DataBeritaAcaraPengirimanPenderitaPulang.php(74): view('petugas/data_berita_acara_pengiriman_penderita_pulang/edit', [...])
 5 SYSTEMPATH/CodeIgniter.php(896): App\Controllers\petugas\DataBeritaAcaraPengirimanPenderitaPulang->edit()
 6 SYSTEMPATH/CodeIgniter.php(466): CodeIgniter\CodeIgniter->runController(Object(App\Controllers\petugas\DataBeritaAcaraPengirimanPenderitaPulang))
 7 SYSTEMPATH/CodeIgniter.php(349): CodeIgniter\CodeIgniter->handleRequest(null, Object(Config\Cache), false)
 8 FCPATH/index.php(55): CodeIgniter\CodeIgniter->run()
